CRITICAL - 2021-12-20 00:00:04 --> Call to undefined method App\Models\CutiModel::getNumRows
#0 /home/icaksh/pemweb/hanaemi/app/Controllers/User.php(46): CodeIgniter\Model->__call()
#1 /home/icaksh/pemweb/hanaemi/vendor/codeigniter4/framework/system/CodeIgniter.php(824): App\Controllers\User->cuti()
#2 /home/icaksh/pemweb/hanaemi/vendor/codeigniter4/framework/system/CodeIgniter.php(410): CodeIgniter\CodeIgniter->runController()
#3 /home/icaksh/pemweb/hanaemi/vendor/codeigniter4/framework/system/CodeIgniter.php(318): CodeIgniter\CodeIgniter->handleRequest()
#4 /home/icaksh/pemweb/hanaemi/public/index.php(37): CodeIgniter\CodeIgniter->run()
#5 /home/icaksh/pemweb/hanaemi/vendor/codeigniter4/framework/system/Commands/Server/rewrite.php(43): require_once('/home/icaksh/pe...')
#6 {main}
CRITICAL - 2021-12-20 00:00:17 --> Call to undefined method App\Models\CutiModel::count
#0 /home/icaksh/pemweb/hanaemi/app/Controllers/User.php(46): CodeIgniter\Model->__call()
#1 /home/icaksh/pemweb/hanaemi/vendor/codeigniter4/framework/system/CodeIgniter.php(824): App\Controllers\User->cuti()
#2 /home/icaksh/pemweb/hanaemi/vendor/codeigniter4/framework/system/CodeIgniter.php(410): CodeIgniter\CodeIgniter->runController()
#3 /home/icaksh/pemweb/hanaemi/vendor/codeigniter4/framework/system/CodeIgniter.php(318): CodeIgniter\CodeIgniter->handleRequest()
#4 /home/icaksh/pemweb/hanaemi/public/index.php(37): CodeIgniter\CodeIgniter->run()
#5 /home/icaksh/pemweb/hanaemi/vendor/codeigniter4/framework/system/Commands/Server/rewrite.php(43): require_once('/home/icaksh/pe...')
#6 {main}
CRITICAL - 2021-12-20 00:18:55 --> Division by zero
#0 /home/icaksh/pemweb/hanaemi/app/Views/user/cuti.php(122): CodeIgniter\Debug\Exceptions->errorHandler()
#1 /home/icaksh/pemweb/hanaemi/vendor/codeigniter4/framework/system/View/View.php(214): include('/home/icaksh/pe...')
#2 /home/icaksh/pemweb/hanaemi/vendor/codeigniter4/framework/system/View/View.php(217): CodeIgniter\View\View->CodeIgniter\View\{closure}()
#3 /home/icaksh/pemweb/hanaemi/vendor/codeigniter4/framework/system/Common.php(1097): CodeIgniter\View\View->render()
#4 /home/icaksh/pemweb/hanaemi/app/Controllers/User.php(57): view()
#5 /home/icaksh/pemweb/hanaemi/vendor/codeigniter4/framework/system/CodeIgniter.php(824): App\Controllers\User->cuti()
#6 /home/icaksh/pemweb/hanaemi/vendor/codeigniter4/framework/system/CodeIgniter.php(410): CodeIgniter\CodeIgniter->runController()
#7 /home/icaksh/pemweb/hanaemi/vendor/codeigniter4/framework/system/CodeIgniter.php(318): CodeIgniter\CodeIgniter->handleRequest()
#8 /home/icaksh/pemweb/hanaemi/public/index.php(37): CodeIgniter\CodeIgniter->run()
#9 /home/icaksh/pemweb/hanaemi/vendor/codeigniter4/framework/system/Commands/Server/rewrite.php(43): require_once('/home/icaksh/pe...')
#10 {main}
ERROR - 2021-12-20 01:01:42 --> Cannot add or update a child row: a foreign key constraint fails (`hanaemi`.`cuti`, CONSTRAINT `cuti_ibfk_2` FOREIGN KEY (`id_atasan`) REFERENCES `users` (`id`))
CRITICAL - 2021-12-20 01:01:42 --> Cannot add or update a child row: a foreign key constraint fails (`hanaemi`.`cuti`, CONSTRAINT `cuti_ibfk_2` FOREIGN KEY (`id_atasan`) REFERENCES `users` (`id`))
#0 /home/icaksh/pemweb/hanaemi/vendor/codeigniter4/framework/system/Database/MySQLi/Connection.php(292): mysqli->query()
#1 /home/icaksh/pemweb/hanaemi/vendor/codeigniter4/framework/system/Database/BaseConnection.php(670): CodeIgniter\Database\MySQLi\Connection->execute()
#2 /home/icaksh/pemweb/hanaemi/vendor/codeigniter4/framework/system/Database/BaseConnection.php(598): CodeIgniter\Database\BaseConnection->simpleQuery()
#3 /home/icaksh/pemweb/hanaemi/vendor/codeigniter4/framework/system/Database/BaseBuilder.php(1759): CodeIgniter\Database\BaseConnection->query()
#4 /home/icaksh/pemweb/hanaemi/vendor/codeigniter4/framework/system/Model.php(239): CodeIgniter\Database\BaseBuilder->insert()
#5 /home/icaksh/pemweb/hanaemi/vendor/codeigniter4/framework/system/BaseModel.php(738): CodeIgniter\Model->doInsert()
#6 /home/icaksh/pemweb/hanaemi/vendor/codeigniter4/framework/system/Model.php(620): CodeIgniter\BaseModel->insert()
#7 /home/icaksh/pemweb/hanaemi/vendor/codeigniter4/framework/system/BaseModel.php(658): CodeIgniter\Model->insert()
#8 /home/icaksh/pemweb/hanaemi/app/Controllers/User.php(75): CodeIgniter\BaseModel->save()
#9 /home/icaksh/pemweb/hanaemi/vendor/codeigniter4/framework/system/CodeIgniter.php(824): App\Controllers\User->addCuti()
#10 /home/icaksh/pemweb/hanaemi/vendor/codeigniter4/framework/system/CodeIgniter.php(410): CodeIgniter\CodeIgniter->runController()
#11 /home/icaksh/pemweb/hanaemi/vendor/codeigniter4/framework/system/CodeIgniter.php(318): CodeIgniter\CodeIgniter->handleRequest()
#12 /home/icaksh/pemweb/hanaemi/public/index.php(37): CodeIgniter\CodeIgniter->run()
#13 /home/icaksh/pemweb/hanaemi/vendor/codeigniter4/framework/system/Commands/Server/rewrite.php(43): require_once('/home/icaksh/pe...')
#14 {main}
CRITICAL - 2021-12-20 01:03:25 --> Undefined variable: data
#0 /home/icaksh/pemweb/hanaemi/app/Controllers/User.php(79): CodeIgniter\Debug\Exceptions->errorHandler()
#1 /home/icaksh/pemweb/hanaemi/vendor/codeigniter4/framework/system/CodeIgniter.php(824): App\Controllers\User->addCuti()
#2 /home/icaksh/pemweb/hanaemi/vendor/codeigniter4/framework/system/CodeIgniter.php(410): CodeIgniter\CodeIgniter->runController()
#3 /home/icaksh/pemweb/hanaemi/vendor/codeigniter4/framework/system/CodeIgniter.php(318): CodeIgniter\CodeIgniter->handleRequest()
#4 /home/icaksh/pemweb/hanaemi/public/index.php(37): CodeIgniter\CodeIgniter->run()
#5 /home/icaksh/pemweb/hanaemi/vendor/codeigniter4/framework/system/Commands/Server/rewrite.php(43): require_once('/home/icaksh/pe...')
#6 {main}
CRITICAL - 2021-12-20 01:03:36 --> Undefined variable: title
#0 /home/icaksh/pemweb/hanaemi/app/Views/templates/index.php(12): CodeIgniter\Debug\Exceptions->errorHandler()
#1 /home/icaksh/pemweb/hanaemi/vendor/codeigniter4/framework/system/View/View.php(214): include('/home/icaksh/pe...')
#2 /home/icaksh/pemweb/hanaemi/vendor/codeigniter4/framework/system/View/View.php(217): CodeIgniter\View\View->CodeIgniter\View\{closure}()
#3 /home/icaksh/pemweb/hanaemi/vendor/codeigniter4/framework/system/View/View.php(230): CodeIgniter\View\View->render()
#4 /home/icaksh/pemweb/hanaemi/vendor/codeigniter4/framework/system/Common.php(1097): CodeIgniter\View\View->render()
#5 /home/icaksh/pemweb/hanaemi/app/Controllers/User.php(79): view()
#6 /home/icaksh/pemweb/hanaemi/vendor/codeigniter4/framework/system/CodeIgniter.php(824): App\Controllers\User->addCuti()
#7 /home/icaksh/pemweb/hanaemi/vendor/codeigniter4/framework/system/CodeIgniter.php(410): CodeIgniter\CodeIgniter->runController()
#8 /home/icaksh/pemweb/hanaemi/vendor/codeigniter4/framework/system/CodeIgniter.php(318): CodeIgniter\CodeIgniter->handleRequest()
#9 /home/icaksh/pemweb/hanaemi/public/index.php(37): CodeIgniter\CodeIgniter->run()
#10 /home/icaksh/pemweb/hanaemi/vendor/codeigniter4/framework/system/Commands/Server/rewrite.php(43): require_once('/home/icaksh/pe...')
#11 {main}
CRITICAL - 2021-12-20 01:11:22 --> Undefined variable: data
#0 /home/icaksh/pemweb/hanaemi/app/Views/user/cuti/create.php(64): CodeIgniter\Debug\Exceptions->errorHandler()
#1 /home/icaksh/pemweb/hanaemi/vendor/codeigniter4/framework/system/View/View.php(214): include('/home/icaksh/pe...')
#2 /home/icaksh/pemweb/hanaemi/vendor/codeigniter4/framework/system/View/View.php(217): CodeIgniter\View\View->CodeIgniter\View\{closure}()
#3 /home/icaksh/pemweb/hanaemi/vendor/codeigniter4/framework/system/Common.php(1097): CodeIgniter\View\View->render()
#4 /home/icaksh/pemweb/hanaemi/app/Controllers/User.php(66): view()
#5 /home/icaksh/pemweb/hanaemi/vendor/codeigniter4/framework/system/CodeIgniter.php(824): App\Controllers\User->createCuti()
#6 /home/icaksh/pemweb/hanaemi/vendor/codeigniter4/framework/system/CodeIgniter.php(410): CodeIgniter\CodeIgniter->runController()
#7 /home/icaksh/pemweb/hanaemi/vendor/codeigniter4/framework/system/CodeIgniter.php(318): CodeIgniter\CodeIgniter->handleRequest()
#8 /home/icaksh/pemweb/hanaemi/public/index.php(37): CodeIgniter\CodeIgniter->run()
#9 /home/icaksh/pemweb/hanaemi/vendor/codeigniter4/framework/system/Commands/Server/rewrite.php(43): require_once('/home/icaksh/pe...')
#10 {main}
CRITICAL - 2021-12-20 01:12:16 --> Undefined variable: data
#0 /home/icaksh/pemweb/hanaemi/app/Views/user/cuti/create.php(64): CodeIgniter\Debug\Exceptions->errorHandler()
#1 /home/icaksh/pemweb/hanaemi/vendor/codeigniter4/framework/system/View/View.php(214): include('/home/icaksh/pe...')
#2 /home/icaksh/pemweb/hanaemi/vendor/codeigniter4/framework/system/View/View.php(217): CodeIgniter\View\View->CodeIgniter\View\{closure}()
#3 /home/icaksh/pemweb/hanaemi/vendor/codeigniter4/framework/system/Common.php(1097): CodeIgniter\View\View->render()
#4 /home/icaksh/pemweb/hanaemi/app/Controllers/User.php(67): view()
#5 /home/icaksh/pemweb/hanaemi/vendor/codeigniter4/framework/system/CodeIgniter.php(824): App\Controllers\User->createCuti()
#6 /home/icaksh/pemweb/hanaemi/vendor/codeigniter4/framework/system/CodeIgniter.php(410): CodeIgniter\CodeIgniter->runController()
#7 /home/icaksh/pemweb/hanaemi/vendor/codeigniter4/framework/system/CodeIgniter.php(318): CodeIgniter\CodeIgniter->handleRequest()
#8 /home/icaksh/pemweb/hanaemi/public/index.php(37): CodeIgniter\CodeIgniter->run()
#9 /home/icaksh/pemweb/hanaemi/vendor/codeigniter4/framework/system/Commands/Server/rewrite.php(43): require_once('/home/icaksh/pe...')
#10 {main}
CRITICAL - 2021-12-20 02:18:51 --> Undefined property: CodeIgniter\View\View::$session
#0 /home/icaksh/pemweb/hanaemi/app/Views/user/cuti/create.php(5): CodeIgniter\Debug\Exceptions->errorHandler()
#1 /home/icaksh/pemweb/hanaemi/vendor/codeigniter4/framework/system/View/View.php(214): include('/home/icaksh/pe...')
#2 /home/icaksh/pemweb/hanaemi/vendor/codeigniter4/framework/system/View/View.php(217): CodeIgniter\View\View->CodeIgniter\View\{closure}()
#3 /home/icaksh/pemweb/hanaemi/vendor/codeigniter4/framework/system/Common.php(1097): CodeIgniter\View\View->render()
#4 /home/icaksh/pemweb/hanaemi/app/Controllers/User.php(67): view()
#5 /home/icaksh/pemweb/hanaemi/vendor/codeigniter4/framework/system/CodeIgniter.php(824): App\Controllers\User->createCuti()
#6 /home/icaksh/pemweb/hanaemi/vendor/codeigniter4/framework/system/CodeIgniter.php(410): CodeIgniter\CodeIgniter->runController()
#7 /home/icaksh/pemweb/hanaemi/vendor/codeigniter4/framework/system/CodeIgniter.php(318): CodeIgniter\CodeIgniter->handleRequest()
#8 /home/icaksh/pemweb/hanaemi/public/index.php(37): CodeIgniter\CodeIgniter->run()
#9 /home/icaksh/pemweb/hanaemi/vendor/codeigniter4/framework/system/Commands/Server/rewrite.php(43): require_once('/home/icaksh/pe...')
#10 {main}
CRITICAL - 2021-12-20 02:20:12 --> Undefined property: CodeIgniter\View\View::$session
#0 /home/icaksh/pemweb/hanaemi/app/Views/user/cuti/create.php(5): CodeIgniter\Debug\Exceptions->errorHandler()
#1 /home/icaksh/pemweb/hanaemi/vendor/codeigniter4/framework/system/View/View.php(214): include('/home/icaksh/pe...')
#2 /home/icaksh/pemweb/hanaemi/vendor/codeigniter4/framework/system/View/View.php(217): CodeIgniter\View\View->CodeIgniter\View\{closure}()
#3 /home/icaksh/pemweb/hanaemi/vendor/codeigniter4/framework/system/Common.php(1097): CodeIgniter\View\View->render()
#4 /home/icaksh/pemweb/hanaemi/app/Controllers/User.php(68): view()
#5 /home/icaksh/pemweb/hanaemi/vendor/codeigniter4/framework/system/CodeIgniter.php(824): App\Controllers\User->createCuti()
#6 /home/icaksh/pemweb/hanaemi/vendor/codeigniter4/framework/system/CodeIgniter.php(410): CodeIgniter\CodeIgniter->runController()
#7 /home/icaksh/pemweb/hanaemi/vendor/codeigniter4/framework/system/CodeIgniter.php(318): CodeIgniter\CodeIgniter->handleRequest()
#8 /home/icaksh/pemweb/hanaemi/public/index.php(37): CodeIgniter\CodeIgniter->run()
#9 /home/icaksh/pemweb/hanaemi/vendor/codeigniter4/framework/system/Commands/Server/rewrite.php(43): require_once('/home/icaksh/pe...')
#10 {main}
CRITICAL - 2021-12-20 02:20:13 --> Undefined property: CodeIgniter\View\View::$session
#0 /home/icaksh/pemweb/hanaemi/app/Views/user/cuti/create.php(5): CodeIgniter\Debug\Exceptions->errorHandler()
#1 /home/icaksh/pemweb/hanaemi/vendor/codeigniter4/framework/system/View/View.php(214): include('/home/icaksh/pe...')
#2 /home/icaksh/pemweb/hanaemi/vendor/codeigniter4/framework/system/View/View.php(217): CodeIgniter\View\View->CodeIgniter\View\{closure}()
#3 /home/icaksh/pemweb/hanaemi/vendor/codeigniter4/framework/system/Common.php(1097): CodeIgniter\View\View->render()
#4 /home/icaksh/pemweb/hanaemi/app/Controllers/User.php(68): view()
#5 /home/icaksh/pemweb/hanaemi/vendor/codeigniter4/framework/system/CodeIgniter.php(824): App\Controllers\User->createCuti()
#6 /home/icaksh/pemweb/hanaemi/vendor/codeigniter4/framework/system/CodeIgniter.php(410): CodeIgniter\CodeIgniter->runController()
#7 /home/icaksh/pemweb/hanaemi/vendor/codeigniter4/framework/system/CodeIgniter.php(318): CodeIgniter\CodeIgniter->handleRequest()
#8 /home/icaksh/pemweb/hanaemi/public/index.php(37): CodeIgniter\CodeIgniter->run()
#9 /home/icaksh/pemweb/hanaemi/vendor/codeigniter4/framework/system/Commands/Server/rewrite.php(43): require_once('/home/icaksh/pe...')
#10 {main}
CRITICAL - 2021-12-20 02:20:14 --> Undefined property: CodeIgniter\View\View::$session
#0 /home/icaksh/pemweb/hanaemi/app/Views/user/cuti/create.php(5): CodeIgniter\Debug\Exceptions->errorHandler()
#1 /home/icaksh/pemweb/hanaemi/vendor/codeigniter4/framework/system/View/View.php(214): include('/home/icaksh/pe...')
#2 /home/icaksh/pemweb/hanaemi/vendor/codeigniter4/framework/system/View/View.php(217): CodeIgniter\View\View->CodeIgniter\View\{closure}()
#3 /home/icaksh/pemweb/hanaemi/vendor/codeigniter4/framework/system/Common.php(1097): CodeIgniter\View\View->render()
#4 /home/icaksh/pemweb/hanaemi/app/Controllers/User.php(68): view()
#5 /home/icaksh/pemweb/hanaemi/vendor/codeigniter4/framework/system/CodeIgniter.php(824): App\Controllers\User->createCuti()
#6 /home/icaksh/pemweb/hanaemi/vendor/codeigniter4/framework/system/CodeIgniter.php(410): CodeIgniter\CodeIgniter->runController()
#7 /home/icaksh/pemweb/hanaemi/vendor/codeigniter4/framework/system/CodeIgniter.php(318): CodeIgniter\CodeIgniter->handleRequest()
#8 /home/icaksh/pemweb/hanaemi/public/index.php(37): CodeIgniter\CodeIgniter->run()
#9 /home/icaksh/pemweb/hanaemi/vendor/codeigniter4/framework/system/Commands/Server/rewrite.php(43): require_once('/home/icaksh/pe...')
#10 {main}
CRITICAL - 2021-12-20 02:20:37 --> Undefined property: App\Controllers\User::$load
#0 /home/icaksh/pemweb/hanaemi/app/Controllers/User.php(17): CodeIgniter\Debug\Exceptions->errorHandler()
#1 /home/icaksh/pemweb/hanaemi/vendor/codeigniter4/framework/system/CodeIgniter.php(801): App\Controllers\User->__construct()
#2 /home/icaksh/pemweb/hanaemi/vendor/codeigniter4/framework/system/CodeIgniter.php(401): CodeIgniter\CodeIgniter->createController()
#3 /home/icaksh/pemweb/hanaemi/vendor/codeigniter4/framework/system/CodeIgniter.php(318): CodeIgniter\CodeIgniter->handleRequest()
#4 /home/icaksh/pemweb/hanaemi/public/index.php(37): CodeIgniter\CodeIgniter->run()
#5 /home/icaksh/pemweb/hanaemi/vendor/codeigniter4/framework/system/Commands/Server/rewrite.php(43): require_once('/home/icaksh/pe...')
#6 {main}
CRITICAL - 2021-12-20 02:20:38 --> Undefined property: App\Controllers\User::$load
#0 /home/icaksh/pemweb/hanaemi/app/Controllers/User.php(17): CodeIgniter\Debug\Exceptions->errorHandler()
#1 /home/icaksh/pemweb/hanaemi/vendor/codeigniter4/framework/system/CodeIgniter.php(801): App\Controllers\User->__construct()
#2 /home/icaksh/pemweb/hanaemi/vendor/codeigniter4/framework/system/CodeIgniter.php(401): CodeIgniter\CodeIgniter->createController()
#3 /home/icaksh/pemweb/hanaemi/vendor/codeigniter4/framework/system/CodeIgniter.php(318): CodeIgniter\CodeIgniter->handleRequest()
#4 /home/icaksh/pemweb/hanaemi/public/index.php(37): CodeIgniter\CodeIgniter->run()
#5 /home/icaksh/pemweb/hanaemi/vendor/codeigniter4/framework/system/Commands/Server/rewrite.php(43): require_once('/home/icaksh/pe...')
#6 {main}
CRITICAL - 2021-12-20 02:20:39 --> Undefined property: App\Controllers\User::$load
#0 /home/icaksh/pemweb/hanaemi/app/Controllers/User.php(17): CodeIgniter\Debug\Exceptions->errorHandler()
#1 /home/icaksh/pemweb/hanaemi/vendor/codeigniter4/framework/system/CodeIgniter.php(801): App\Controllers\User->__construct()
#2 /home/icaksh/pemweb/hanaemi/vendor/codeigniter4/framework/system/CodeIgniter.php(401): CodeIgniter\CodeIgniter->createController()
#3 /home/icaksh/pemweb/hanaemi/vendor/codeigniter4/framework/system/CodeIgniter.php(318): CodeIgniter\CodeIgniter->handleRequest()
#4 /home/icaksh/pemweb/hanaemi/public/index.php(37): CodeIgniter\CodeIgniter->run()
#5 /home/icaksh/pemweb/hanaemi/vendor/codeigniter4/framework/system/Commands/Server/rewrite.php(43): require_once('/home/icaksh/pe...')
#6 {main}
CRITICAL - 2021-12-20 02:20:39 --> Undefined property: App\Controllers\User::$load
#0 /home/icaksh/pemweb/hanaemi/app/Controllers/User.php(17): CodeIgniter\Debug\Exceptions->errorHandler()
#1 /home/icaksh/pemweb/hanaemi/vendor/codeigniter4/framework/system/CodeIgniter.php(801): App\Controllers\User->__construct()
#2 /home/icaksh/pemweb/hanaemi/vendor/codeigniter4/framework/system/CodeIgniter.php(401): CodeIgniter\CodeIgniter->createController()
#3 /home/icaksh/pemweb/hanaemi/vendor/codeigniter4/framework/system/CodeIgniter.php(318): CodeIgniter\CodeIgniter->handleRequest()
#4 /home/icaksh/pemweb/hanaemi/public/index.php(37): CodeIgniter\CodeIgniter->run()
#5 /home/icaksh/pemweb/hanaemi/vendor/codeigniter4/framework/system/Commands/Server/rewrite.php(43): require_once('/home/icaksh/pe...')
#6 {main}
CRITICAL - 2021-12-20 02:20:40 --> Undefined property: App\Controllers\User::$load
#0 /home/icaksh/pemweb/hanaemi/app/Controllers/User.php(17): CodeIgniter\Debug\Exceptions->errorHandler()
#1 /home/icaksh/pemweb/hanaemi/vendor/codeigniter4/framework/system/CodeIgniter.php(801): App\Controllers\User->__construct()
#2 /home/icaksh/pemweb/hanaemi/vendor/codeigniter4/framework/system/CodeIgniter.php(401): CodeIgniter\CodeIgniter->createController()
#3 /home/icaksh/pemweb/hanaemi/vendor/codeigniter4/framework/system/CodeIgniter.php(318): CodeIgniter\CodeIgniter->handleRequest()
#4 /home/icaksh/pemweb/hanaemi/public/index.php(37): CodeIgniter\CodeIgniter->run()
#5 /home/icaksh/pemweb/hanaemi/vendor/codeigniter4/framework/system/Commands/Server/rewrite.php(43): require_once('/home/icaksh/pe...')
#6 {main}
CRITICAL - 2021-12-20 02:20:41 --> Undefined property: App\Controllers\User::$load
#0 /home/icaksh/pemweb/hanaemi/app/Controllers/User.php(17): CodeIgniter\Debug\Exceptions->errorHandler()
#1 /home/icaksh/pemweb/hanaemi/vendor/codeigniter4/framework/system/CodeIgniter.php(801): App\Controllers\User->__construct()
#2 /home/icaksh/pemweb/hanaemi/vendor/codeigniter4/framework/system/CodeIgniter.php(401): CodeIgniter\CodeIgniter->createController()
#3 /home/icaksh/pemweb/hanaemi/vendor/codeigniter4/framework/system/CodeIgniter.php(318): CodeIgniter\CodeIgniter->handleRequest()
#4 /home/icaksh/pemweb/hanaemi/public/index.php(37): CodeIgniter\CodeIgniter->run()
#5 /home/icaksh/pemweb/hanaemi/vendor/codeigniter4/framework/system/Commands/Server/rewrite.php(43): require_once('/home/icaksh/pe...')
#6 {main}
CRITICAL - 2021-12-20 02:22:58 --> Undefined variable: config
#0 /home/icaksh/pemweb/hanaemi/app/Controllers/User.php(17): CodeIgniter\Debug\Exceptions->errorHandler()
#1 /home/icaksh/pemweb/hanaemi/vendor/codeigniter4/framework/system/CodeIgniter.php(801): App\Controllers\User->__construct()
#2 /home/icaksh/pemweb/hanaemi/vendor/codeigniter4/framework/system/CodeIgniter.php(401): CodeIgniter\CodeIgniter->createController()
#3 /home/icaksh/pemweb/hanaemi/vendor/codeigniter4/framework/system/CodeIgniter.php(318): CodeIgniter\CodeIgniter->handleRequest()
#4 /home/icaksh/pemweb/hanaemi/public/index.php(37): CodeIgniter\CodeIgniter->run()
#5 /home/icaksh/pemweb/hanaemi/vendor/codeigniter4/framework/system/Commands/Server/rewrite.php(43): require_once('/home/icaksh/pe...')
#6 {main}
CRITICAL - 2021-12-20 02:23:00 --> Undefined variable: config
#0 /home/icaksh/pemweb/hanaemi/app/Controllers/User.php(17): CodeIgniter\Debug\Exceptions->errorHandler()
#1 /home/icaksh/pemweb/hanaemi/vendor/codeigniter4/framework/system/CodeIgniter.php(801): App\Controllers\User->__construct()
#2 /home/icaksh/pemweb/hanaemi/vendor/codeigniter4/framework/system/CodeIgniter.php(401): CodeIgniter\CodeIgniter->createController()
#3 /home/icaksh/pemweb/hanaemi/vendor/codeigniter4/framework/system/CodeIgniter.php(318): CodeIgniter\CodeIgniter->handleRequest()
#4 /home/icaksh/pemweb/hanaemi/public/index.php(37): CodeIgniter\CodeIgniter->run()
#5 /home/icaksh/pemweb/hanaemi/vendor/codeigniter4/framework/system/Commands/Server/rewrite.php(43): require_once('/home/icaksh/pe...')
#6 {main}
CRITICAL - 2021-12-20 02:23:01 --> Undefined variable: config
#0 /home/icaksh/pemweb/hanaemi/app/Controllers/User.php(17): CodeIgniter\Debug\Exceptions->errorHandler()
#1 /home/icaksh/pemweb/hanaemi/vendor/codeigniter4/framework/system/CodeIgniter.php(801): App\Controllers\User->__construct()
#2 /home/icaksh/pemweb/hanaemi/vendor/codeigniter4/framework/system/CodeIgniter.php(401): CodeIgniter\CodeIgniter->createController()
#3 /home/icaksh/pemweb/hanaemi/vendor/codeigniter4/framework/system/CodeIgniter.php(318): CodeIgniter\CodeIgniter->handleRequest()
#4 /home/icaksh/pemweb/hanaemi/public/index.php(37): CodeIgniter\CodeIgniter->run()
#5 /home/icaksh/pemweb/hanaemi/vendor/codeigniter4/framework/system/Commands/Server/rewrite.php(43): require_once('/home/icaksh/pe...')
#6 {main}
CRITICAL - 2021-12-20 02:23:11 --> Undefined property: CodeIgniter\View\View::$session
#0 /home/icaksh/pemweb/hanaemi/app/Views/user/cuti/create.php(5): CodeIgniter\Debug\Exceptions->errorHandler()
#1 /home/icaksh/pemweb/hanaemi/vendor/codeigniter4/framework/system/View/View.php(214): include('/home/icaksh/pe...')
#2 /home/icaksh/pemweb/hanaemi/vendor/codeigniter4/framework/system/View/View.php(217): CodeIgniter\View\View->CodeIgniter\View\{closure}()
#3 /home/icaksh/pemweb/hanaemi/vendor/codeigniter4/framework/system/Common.php(1097): CodeIgniter\View\View->render()
#4 /home/icaksh/pemweb/hanaemi/app/Controllers/User.php(68): view()
#5 /home/icaksh/pemweb/hanaemi/vendor/codeigniter4/framework/system/CodeIgniter.php(824): App\Controllers\User->createCuti()
#6 /home/icaksh/pemweb/hanaemi/vendor/codeigniter4/framework/system/CodeIgniter.php(410): CodeIgniter\CodeIgniter->runController()
#7 /home/icaksh/pemweb/hanaemi/vendor/codeigniter4/framework/system/CodeIgniter.php(318): CodeIgniter\CodeIgniter->handleRequest()
#8 /home/icaksh/pemweb/hanaemi/public/index.php(37): CodeIgniter\CodeIgniter->run()
#9 /home/icaksh/pemweb/hanaemi/vendor/codeigniter4/framework/system/Commands/Server/rewrite.php(43): require_once('/home/icaksh/pe...')
#10 {main}
CRITICAL - 2021-12-20 02:23:12 --> Undefined property: CodeIgniter\View\View::$session
#0 /home/icaksh/pemweb/hanaemi/app/Views/user/cuti/create.php(5): CodeIgniter\Debug\Exceptions->errorHandler()
#1 /home/icaksh/pemweb/hanaemi/vendor/codeigniter4/framework/system/View/View.php(214): include('/home/icaksh/pe...')
#2 /home/icaksh/pemweb/hanaemi/vendor/codeigniter4/framework/system/View/View.php(217): CodeIgniter\View\View->CodeIgniter\View\{closure}()
#3 /home/icaksh/pemweb/hanaemi/vendor/codeigniter4/framework/system/Common.php(1097): CodeIgniter\View\View->render()
#4 /home/icaksh/pemweb/hanaemi/app/Controllers/User.php(68): view()
#5 /home/icaksh/pemweb/hanaemi/vendor/codeigniter4/framework/system/CodeIgniter.php(824): App\Controllers\User->createCuti()
#6 /home/icaksh/pemweb/hanaemi/vendor/codeigniter4/framework/system/CodeIgniter.php(410): CodeIgniter\CodeIgniter->runController()
#7 /home/icaksh/pemweb/hanaemi/vendor/codeigniter4/framework/system/CodeIgniter.php(318): CodeIgniter\CodeIgniter->handleRequest()
#8 /home/icaksh/pemweb/hanaemi/public/index.php(37): CodeIgniter\CodeIgniter->run()
#9 /home/icaksh/pemweb/hanaemi/vendor/codeigniter4/framework/system/Commands/Server/rewrite.php(43): require_once('/home/icaksh/pe...')
#10 {main}
CRITICAL - 2021-12-20 02:23:13 --> Undefined property: CodeIgniter\View\View::$session
#0 /home/icaksh/pemweb/hanaemi/app/Views/user/cuti/create.php(5): CodeIgniter\Debug\Exceptions->errorHandler()
#1 /home/icaksh/pemweb/hanaemi/vendor/codeigniter4/framework/system/View/View.php(214): include('/home/icaksh/pe...')
#2 /home/icaksh/pemweb/hanaemi/vendor/codeigniter4/framework/system/View/View.php(217): CodeIgniter\View\View->CodeIgniter\View\{closure}()
#3 /home/icaksh/pemweb/hanaemi/vendor/codeigniter4/framework/system/Common.php(1097): CodeIgniter\View\View->render()
#4 /home/icaksh/pemweb/hanaemi/app/Controllers/User.php(68): view()
#5 /home/icaksh/pemweb/hanaemi/vendor/codeigniter4/framework/system/CodeIgniter.php(824): App\Controllers\User->createCuti()
#6 /home/icaksh/pemweb/hanaemi/vendor/codeigniter4/framework/system/CodeIgniter.php(410): CodeIgniter\CodeIgniter->runController()
#7 /home/icaksh/pemweb/hanaemi/vendor/codeigniter4/framework/system/CodeIgniter.php(318): CodeIgniter\CodeIgniter->handleRequest()
#8 /home/icaksh/pemweb/hanaemi/public/index.php(37): CodeIgniter\CodeIgniter->run()
#9 /home/icaksh/pemweb/hanaemi/vendor/codeigniter4/framework/system/Commands/Server/rewrite.php(43): require_once('/home/icaksh/pe...')
#10 {main}
CRITICAL - 2021-12-20 02:24:58 --> Undefined property: CodeIgniter\View\View::$session
#0 /home/icaksh/pemweb/hanaemi/app/Views/user/cuti/create.php(5): CodeIgniter\Debug\Exceptions->errorHandler()
#1 /home/icaksh/pemweb/hanaemi/vendor/codeigniter4/framework/system/View/View.php(214): include('/home/icaksh/pe...')
#2 /home/icaksh/pemweb/hanaemi/vendor/codeigniter4/framework/system/View/View.php(217): CodeIgniter\View\View->CodeIgniter\View\{closure}()
#3 /home/icaksh/pemweb/hanaemi/vendor/codeigniter4/framework/system/Common.php(1097): CodeIgniter\View\View->render()
#4 /home/icaksh/pemweb/hanaemi/app/Controllers/User.php(68): view()
#5 /home/icaksh/pemweb/hanaemi/vendor/codeigniter4/framework/system/CodeIgniter.php(824): App\Controllers\User->createCuti()
#6 /home/icaksh/pemweb/hanaemi/vendor/codeigniter4/framework/system/CodeIgniter.php(410): CodeIgniter\CodeIgniter->runController()
#7 /home/icaksh/pemweb/hanaemi/vendor/codeigniter4/framework/system/CodeIgniter.php(318): CodeIgniter\CodeIgniter->handleRequest()
#8 /home/icaksh/pemweb/hanaemi/public/index.php(37): CodeIgniter\CodeIgniter->run()
#9 /home/icaksh/pemweb/hanaemi/vendor/codeigniter4/framework/system/Commands/Server/rewrite.php(43): require_once('/home/icaksh/pe...')
#10 {main}
CRITICAL - 2021-12-20 02:24:59 --> Undefined property: CodeIgniter\View\View::$session
#0 /home/icaksh/pemweb/hanaemi/app/Views/user/cuti/create.php(5): CodeIgniter\Debug\Exceptions->errorHandler()
#1 /home/icaksh/pemweb/hanaemi/vendor/codeigniter4/framework/system/View/View.php(214): include('/home/icaksh/pe...')
#2 /home/icaksh/pemweb/hanaemi/vendor/codeigniter4/framework/system/View/View.php(217): CodeIgniter\View\View->CodeIgniter\View\{closure}()
#3 /home/icaksh/pemweb/hanaemi/vendor/codeigniter4/framework/system/Common.php(1097): CodeIgniter\View\View->render()
#4 /home/icaksh/pemweb/hanaemi/app/Controllers/User.php(68): view()
#5 /home/icaksh/pemweb/hanaemi/vendor/codeigniter4/framework/system/CodeIgniter.php(824): App\Controllers\User->createCuti()
#6 /home/icaksh/pemweb/hanaemi/vendor/codeigniter4/framework/system/CodeIgniter.php(410): CodeIgniter\CodeIgniter->runController()
#7 /home/icaksh/pemweb/hanaemi/vendor/codeigniter4/framework/system/CodeIgniter.php(318): CodeIgniter\CodeIgniter->handleRequest()
#8 /home/icaksh/pemweb/hanaemi/public/index.php(37): CodeIgniter\CodeIgniter->run()
#9 /home/icaksh/pemweb/hanaemi/vendor/codeigniter4/framework/system/Commands/Server/rewrite.php(43): require_once('/home/icaksh/pe...')
#10 {main}
CRITICAL - 2021-12-20 02:25:11 --> Undefined variable: session
#0 /home/icaksh/pemweb/hanaemi/app/Views/user/cuti/create.php(5): CodeIgniter\Debug\Exceptions->errorHandler()
#1 /home/icaksh/pemweb/hanaemi/vendor/codeigniter4/framework/system/View/View.php(214): include('/home/icaksh/pe...')
#2 /home/icaksh/pemweb/hanaemi/vendor/codeigniter4/framework/system/View/View.php(217): CodeIgniter\View\View->CodeIgniter\View\{closure}()
#3 /home/icaksh/pemweb/hanaemi/vendor/codeigniter4/framework/system/Common.php(1097): CodeIgniter\View\View->render()
#4 /home/icaksh/pemweb/hanaemi/app/Controllers/User.php(68): view()
#5 /home/icaksh/pemweb/hanaemi/vendor/codeigniter4/framework/system/CodeIgniter.php(824): App\Controllers\User->createCuti()
#6 /home/icaksh/pemweb/hanaemi/vendor/codeigniter4/framework/system/CodeIgniter.php(410): CodeIgniter\CodeIgniter->runController()
#7 /home/icaksh/pemweb/hanaemi/vendor/codeigniter4/framework/system/CodeIgniter.php(318): CodeIgniter\CodeIgniter->handleRequest()
#8 /home/icaksh/pemweb/hanaemi/public/index.php(37): CodeIgniter\CodeIgniter->run()
#9 /home/icaksh/pemweb/hanaemi/vendor/codeigniter4/framework/system/Commands/Server/rewrite.php(43): require_once('/home/icaksh/pe...')
#10 {main}
CRITICAL - 2021-12-20 02:25:12 --> Undefined variable: session
#0 /home/icaksh/pemweb/hanaemi/app/Views/user/cuti/create.php(5): CodeIgniter\Debug\Exceptions->errorHandler()
#1 /home/icaksh/pemweb/hanaemi/vendor/codeigniter4/framework/system/View/View.php(214): include('/home/icaksh/pe...')
#2 /home/icaksh/pemweb/hanaemi/vendor/codeigniter4/framework/system/View/View.php(217): CodeIgniter\View\View->CodeIgniter\View\{closure}()
#3 /home/icaksh/pemweb/hanaemi/vendor/codeigniter4/framework/system/Common.php(1097): CodeIgniter\View\View->render()
#4 /home/icaksh/pemweb/hanaemi/app/Controllers/User.php(68): view()
#5 /home/icaksh/pemweb/hanaemi/vendor/codeigniter4/framework/system/CodeIgniter.php(824): App\Controllers\User->createCuti()
#6 /home/icaksh/pemweb/hanaemi/vendor/codeigniter4/framework/system/CodeIgniter.php(410): CodeIgniter\CodeIgniter->runController()
#7 /home/icaksh/pemweb/hanaemi/vendor/codeigniter4/framework/system/CodeIgniter.php(318): CodeIgniter\CodeIgniter->handleRequest()
#8 /home/icaksh/pemweb/hanaemi/public/index.php(37): CodeIgniter\CodeIgniter->run()
#9 /home/icaksh/pemweb/hanaemi/vendor/codeigniter4/framework/system/Commands/Server/rewrite.php(43): require_once('/home/icaksh/pe...')
#10 {main}
CRITICAL - 2021-12-20 02:25:12 --> Undefined variable: session
#0 /home/icaksh/pemweb/hanaemi/app/Views/user/cuti/create.php(5): CodeIgniter\Debug\Exceptions->errorHandler()
#1 /home/icaksh/pemweb/hanaemi/vendor/codeigniter4/framework/system/View/View.php(214): include('/home/icaksh/pe...')
#2 /home/icaksh/pemweb/hanaemi/vendor/codeigniter4/framework/system/View/View.php(217): CodeIgniter\View\View->CodeIgniter\View\{closure}()
#3 /home/icaksh/pemweb/hanaemi/vendor/codeigniter4/framework/system/Common.php(1097): CodeIgniter\View\View->render()
#4 /home/icaksh/pemweb/hanaemi/app/Controllers/User.php(68): view()
#5 /home/icaksh/pemweb/hanaemi/vendor/codeigniter4/framework/system/CodeIgniter.php(824): App\Controllers\User->createCuti()
#6 /home/icaksh/pemweb/hanaemi/vendor/codeigniter4/framework/system/CodeIgniter.php(410): CodeIgniter\CodeIgniter->runController()
#7 /home/icaksh/pemweb/hanaemi/vendor/codeigniter4/framework/system/CodeIgniter.php(318): CodeIgniter\CodeIgniter->handleRequest()
#8 /home/icaksh/pemweb/hanaemi/public/index.php(37): CodeIgniter\CodeIgniter->run()
#9 /home/icaksh/pemweb/hanaemi/vendor/codeigniter4/framework/system/Commands/Server/rewrite.php(43): require_once('/home/icaksh/pe...')
#10 {main}
CRITICAL - 2021-12-20 02:25:12 --> Undefined variable: session
#0 /home/icaksh/pemweb/hanaemi/app/Views/user/cuti/create.php(5): CodeIgniter\Debug\Exceptions->errorHandler()
#1 /home/icaksh/pemweb/hanaemi/vendor/codeigniter4/framework/system/View/View.php(214): include('/home/icaksh/pe...')
#2 /home/icaksh/pemweb/hanaemi/vendor/codeigniter4/framework/system/View/View.php(217): CodeIgniter\View\View->CodeIgniter\View\{closure}()
#3 /home/icaksh/pemweb/hanaemi/vendor/codeigniter4/framework/system/Common.php(1097): CodeIgniter\View\View->render()
#4 /home/icaksh/pemweb/hanaemi/app/Controllers/User.php(68): view()
#5 /home/icaksh/pemweb/hanaemi/vendor/codeigniter4/framework/system/CodeIgniter.php(824): App\Controllers\User->createCuti()
#6 /home/icaksh/pemweb/hanaemi/vendor/codeigniter4/framework/system/CodeIgniter.php(410): CodeIgniter\CodeIgniter->runController()
#7 /home/icaksh/pemweb/hanaemi/vendor/codeigniter4/framework/system/CodeIgniter.php(318): CodeIgniter\CodeIgniter->handleRequest()
#8 /home/icaksh/pemweb/hanaemi/public/index.php(37): CodeIgniter\CodeIgniter->run()
#9 /home/icaksh/pemweb/hanaemi/vendor/codeigniter4/framework/system/Commands/Server/rewrite.php(43): require_once('/home/icaksh/pe...')
#10 {main}
CRITICAL - 2021-12-20 02:25:13 --> Undefined variable: session
#0 /home/icaksh/pemweb/hanaemi/app/Views/user/cuti/create.php(5): CodeIgniter\Debug\Exceptions->errorHandler()
#1 /home/icaksh/pemweb/hanaemi/vendor/codeigniter4/framework/system/View/View.php(214): include('/home/icaksh/pe...')
#2 /home/icaksh/pemweb/hanaemi/vendor/codeigniter4/framework/system/View/View.php(217): CodeIgniter\View\View->CodeIgniter\View\{closure}()
#3 /home/icaksh/pemweb/hanaemi/vendor/codeigniter4/framework/system/Common.php(1097): CodeIgniter\View\View->render()
#4 /home/icaksh/pemweb/hanaemi/app/Controllers/User.php(68): view()
#5 /home/icaksh/pemweb/hanaemi/vendor/codeigniter4/framework/system/CodeIgniter.php(824): App\Controllers\User->createCuti()
#6 /home/icaksh/pemweb/hanaemi/vendor/codeigniter4/framework/system/CodeIgniter.php(410): CodeIgniter\CodeIgniter->runController()
#7 /home/icaksh/pemweb/hanaemi/vendor/codeigniter4/framework/system/CodeIgniter.php(318): CodeIgniter\CodeIgniter->handleRequest()
#8 /home/icaksh/pemweb/hanaemi/public/index.php(37): CodeIgniter\CodeIgniter->run()
#9 /home/icaksh/pemweb/hanaemi/vendor/codeigniter4/framework/system/Commands/Server/rewrite.php(43): require_once('/home/icaksh/pe...')
#10 {main}
CRITICAL - 2021-12-20 02:25:13 --> Undefined variable: session
#0 /home/icaksh/pemweb/hanaemi/app/Views/user/cuti/create.php(5): CodeIgniter\Debug\Exceptions->errorHandler()
#1 /home/icaksh/pemweb/hanaemi/vendor/codeigniter4/framework/system/View/View.php(214): include('/home/icaksh/pe...')
#2 /home/icaksh/pemweb/hanaemi/vendor/codeigniter4/framework/system/View/View.php(217): CodeIgniter\View\View->CodeIgniter\View\{closure}()
#3 /home/icaksh/pemweb/hanaemi/vendor/codeigniter4/framework/system/Common.php(1097): CodeIgniter\View\View->render()
#4 /home/icaksh/pemweb/hanaemi/app/Controllers/User.php(68): view()
#5 /home/icaksh/pemweb/hanaemi/vendor/codeigniter4/framework/system/CodeIgniter.php(824): App\Controllers\User->createCuti()
#6 /home/icaksh/pemweb/hanaemi/vendor/codeigniter4/framework/system/CodeIgniter.php(410): CodeIgniter\CodeIgniter->runController()
#7 /home/icaksh/pemweb/hanaemi/vendor/codeigniter4/framework/system/CodeIgniter.php(318): CodeIgniter\CodeIgniter->handleRequest()
#8 /home/icaksh/pemweb/hanaemi/public/index.php(37): CodeIgniter\CodeIgniter->run()
#9 /home/icaksh/pemweb/hanaemi/vendor/codeigniter4/framework/system/Commands/Server/rewrite.php(43): require_once('/home/icaksh/pe...')
#10 {main}
CRITICAL - 2021-12-20 02:25:13 --> Undefined variable: session
#0 /home/icaksh/pemweb/hanaemi/app/Views/user/cuti/create.php(5): CodeIgniter\Debug\Exceptions->errorHandler()
#1 /home/icaksh/pemweb/hanaemi/vendor/codeigniter4/framework/system/View/View.php(214): include('/home/icaksh/pe...')
#2 /home/icaksh/pemweb/hanaemi/vendor/codeigniter4/framework/system/View/View.php(217): CodeIgniter\View\View->CodeIgniter\View\{closure}()
#3 /home/icaksh/pemweb/hanaemi/vendor/codeigniter4/framework/system/Common.php(1097): CodeIgniter\View\View->render()
#4 /home/icaksh/pemweb/hanaemi/app/Controllers/User.php(68): view()
#5 /home/icaksh/pemweb/hanaemi/vendor/codeigniter4/framework/system/CodeIgniter.php(824): App\Controllers\User->createCuti()
#6 /home/icaksh/pemweb/hanaemi/vendor/codeigniter4/framework/system/CodeIgniter.php(410): CodeIgniter\CodeIgniter->runController()
#7 /home/icaksh/pemweb/hanaemi/vendor/codeigniter4/framework/system/CodeIgniter.php(318): CodeIgniter\CodeIgniter->handleRequest()
#8 /home/icaksh/pemweb/hanaemi/public/index.php(37): CodeIgniter\CodeIgniter->run()
#9 /home/icaksh/pemweb/hanaemi/vendor/codeigniter4/framework/system/Commands/Server/rewrite.php(43): require_once('/home/icaksh/pe...')
#10 {main}
CRITICAL - 2021-12-20 02:25:14 --> Undefined variable: session
#0 /home/icaksh/pemweb/hanaemi/app/Views/user/cuti/create.php(5): CodeIgniter\Debug\Exceptions->errorHandler()
#1 /home/icaksh/pemweb/hanaemi/vendor/codeigniter4/framework/system/View/View.php(214): include('/home/icaksh/pe...')
#2 /home/icaksh/pemweb/hanaemi/vendor/codeigniter4/framework/system/View/View.php(217): CodeIgniter\View\View->CodeIgniter\View\{closure}()
#3 /home/icaksh/pemweb/hanaemi/vendor/codeigniter4/framework/system/Common.php(1097): CodeIgniter\View\View->render()
#4 /home/icaksh/pemweb/hanaemi/app/Controllers/User.php(68): view()
#5 /home/icaksh/pemweb/hanaemi/vendor/codeigniter4/framework/system/CodeIgniter.php(824): App\Controllers\User->createCuti()
#6 /home/icaksh/pemweb/hanaemi/vendor/codeigniter4/framework/system/CodeIgniter.php(410): CodeIgniter\CodeIgniter->runController()
#7 /home/icaksh/pemweb/hanaemi/vendor/codeigniter4/framework/system/CodeIgniter.php(318): CodeIgniter\CodeIgniter->handleRequest()
#8 /home/icaksh/pemweb/hanaemi/public/index.php(37): CodeIgniter\CodeIgniter->run()
#9 /home/icaksh/pemweb/hanaemi/vendor/codeigniter4/framework/system/Commands/Server/rewrite.php(43): require_once('/home/icaksh/pe...')
#10 {main}
CRITICAL - 2021-12-20 02:25:14 --> Undefined variable: session
#0 /home/icaksh/pemweb/hanaemi/app/Views/user/cuti/create.php(5): CodeIgniter\Debug\Exceptions->errorHandler()
#1 /home/icaksh/pemweb/hanaemi/vendor/codeigniter4/framework/system/View/View.php(214): include('/home/icaksh/pe...')
#2 /home/icaksh/pemweb/hanaemi/vendor/codeigniter4/framework/system/View/View.php(217): CodeIgniter\View\View->CodeIgniter\View\{closure}()
#3 /home/icaksh/pemweb/hanaemi/vendor/codeigniter4/framework/system/Common.php(1097): CodeIgniter\View\View->render()
#4 /home/icaksh/pemweb/hanaemi/app/Controllers/User.php(68): view()
#5 /home/icaksh/pemweb/hanaemi/vendor/codeigniter4/framework/system/CodeIgniter.php(824): App\Controllers\User->createCuti()
#6 /home/icaksh/pemweb/hanaemi/vendor/codeigniter4/framework/system/CodeIgniter.php(410): CodeIgniter\CodeIgniter->runController()
#7 /home/icaksh/pemweb/hanaemi/vendor/codeigniter4/framework/system/CodeIgniter.php(318): CodeIgniter\CodeIgniter->handleRequest()
#8 /home/icaksh/pemweb/hanaemi/public/index.php(37): CodeIgniter\CodeIgniter->run()
#9 /home/icaksh/pemweb/hanaemi/vendor/codeigniter4/framework/system/Commands/Server/rewrite.php(43): require_once('/home/icaksh/pe...')
#10 {main}
CRITICAL - 2021-12-20 02:26:24 --> Undefined property: CodeIgniter\View\View::$session
#0 /home/icaksh/pemweb/hanaemi/app/Views/user/cuti/create.php(5): CodeIgniter\Debug\Exceptions->errorHandler()
#1 /home/icaksh/pemweb/hanaemi/vendor/codeigniter4/framework/system/View/View.php(214): include('/home/icaksh/pe...')
#2 /home/icaksh/pemweb/hanaemi/vendor/codeigniter4/framework/system/View/View.php(217): CodeIgniter\View\View->CodeIgniter\View\{closure}()
#3 /home/icaksh/pemweb/hanaemi/vendor/codeigniter4/framework/system/Common.php(1097): CodeIgniter\View\View->render()
#4 /home/icaksh/pemweb/hanaemi/app/Controllers/User.php(68): view()
#5 /home/icaksh/pemweb/hanaemi/vendor/codeigniter4/framework/system/CodeIgniter.php(824): App\Controllers\User->createCuti()
#6 /home/icaksh/pemweb/hanaemi/vendor/codeigniter4/framework/system/CodeIgniter.php(410): CodeIgniter\CodeIgniter->runController()
#7 /home/icaksh/pemweb/hanaemi/vendor/codeigniter4/framework/system/CodeIgniter.php(318): CodeIgniter\CodeIgniter->handleRequest()
#8 /home/icaksh/pemweb/hanaemi/public/index.php(37): CodeIgniter\CodeIgniter->run()
#9 /home/icaksh/pemweb/hanaemi/vendor/codeigniter4/framework/system/Commands/Server/rewrite.php(43): require_once('/home/icaksh/pe...')
#10 {main}
CRITICAL - 2021-12-20 02:26:39 --> Undefined variable: session
#0 /home/icaksh/pemweb/hanaemi/app/Views/user/cuti/create.php(5): CodeIgniter\Debug\Exceptions->errorHandler()
#1 /home/icaksh/pemweb/hanaemi/vendor/codeigniter4/framework/system/View/View.php(214): include('/home/icaksh/pe...')
#2 /home/icaksh/pemweb/hanaemi/vendor/codeigniter4/framework/system/View/View.php(217): CodeIgniter\View\View->CodeIgniter\View\{closure}()
#3 /home/icaksh/pemweb/hanaemi/vendor/codeigniter4/framework/system/Common.php(1097): CodeIgniter\View\View->render()
#4 /home/icaksh/pemweb/hanaemi/app/Controllers/User.php(68): view()
#5 /home/icaksh/pemweb/hanaemi/vendor/codeigniter4/framework/system/CodeIgniter.php(824): App\Controllers\User->createCuti()
#6 /home/icaksh/pemweb/hanaemi/vendor/codeigniter4/framework/system/CodeIgniter.php(410): CodeIgniter\CodeIgniter->runController()
#7 /home/icaksh/pemweb/hanaemi/vendor/codeigniter4/framework/system/CodeIgniter.php(318): CodeIgniter\CodeIgniter->handleRequest()
#8 /home/icaksh/pemweb/hanaemi/public/index.php(37): CodeIgniter\CodeIgniter->run()
#9 /home/icaksh/pemweb/hanaemi/vendor/codeigniter4/framework/system/Commands/Server/rewrite.php(43): require_once('/home/icaksh/pe...')
#10 {main}
CRITICAL - 2021-12-20 02:34:19 --> Call to undefined function App\Controllers\sesion()
#0 /home/icaksh/pemweb/hanaemi/vendor/codeigniter4/framework/system/CodeIgniter.php(824): App\Controllers\User->addCuti()
#1 /home/icaksh/pemweb/hanaemi/vendor/codeigniter4/framework/system/CodeIgniter.php(410): CodeIgniter\CodeIgniter->runController()
#2 /home/icaksh/pemweb/hanaemi/vendor/codeigniter4/framework/system/CodeIgniter.php(318): CodeIgniter\CodeIgniter->handleRequest()
#3 /home/icaksh/pemweb/hanaemi/public/index.php(37): CodeIgniter\CodeIgniter->run()
#4 /home/icaksh/pemweb/hanaemi/vendor/codeigniter4/framework/system/Commands/Server/rewrite.php(43): require_once('/home/icaksh/pe...')
#5 {main}
ERROR - 2021-12-20 03:05:42 --> Column 'nama' cannot be null
CRITICAL - 2021-12-20 03:05:42 --> Column 'nama' cannot be null
#0 /home/icaksh/pemweb/hanaemi/vendor/codeigniter4/framework/system/Database/MySQLi/Connection.php(292): mysqli->query()
#1 /home/icaksh/pemweb/hanaemi/vendor/codeigniter4/framework/system/Database/BaseConnection.php(670): CodeIgniter\Database\MySQLi\Connection->execute()
#2 /home/icaksh/pemweb/hanaemi/vendor/codeigniter4/framework/system/Database/BaseConnection.php(598): CodeIgniter\Database\BaseConnection->simpleQuery()
#3 /home/icaksh/pemweb/hanaemi/vendor/codeigniter4/framework/system/Database/BaseBuilder.php(1759): CodeIgniter\Database\BaseConnection->query()
#4 /home/icaksh/pemweb/hanaemi/vendor/codeigniter4/framework/system/Model.php(239): CodeIgniter\Database\BaseBuilder->insert()
#5 /home/icaksh/pemweb/hanaemi/vendor/codeigniter4/framework/system/BaseModel.php(738): CodeIgniter\Model->doInsert()
#6 /home/icaksh/pemweb/hanaemi/vendor/codeigniter4/framework/system/Model.php(620): CodeIgniter\BaseModel->insert()
#7 /home/icaksh/pemweb/hanaemi/vendor/codeigniter4/framework/system/BaseModel.php(658): CodeIgniter\Model->insert()
#8 /home/icaksh/pemweb/hanaemi/app/Controllers/User.php(92): CodeIgniter\BaseModel->save()
#9 /home/icaksh/pemweb/hanaemi/vendor/codeigniter4/framework/system/CodeIgniter.php(824): App\Controllers\User->presensi()
#10 /home/icaksh/pemweb/hanaemi/vendor/codeigniter4/framework/system/CodeIgniter.php(410): CodeIgniter\CodeIgniter->runController()
#11 /home/icaksh/pemweb/hanaemi/vendor/codeigniter4/framework/system/CodeIgniter.php(318): CodeIgniter\CodeIgniter->handleRequest()
#12 /home/icaksh/pemweb/hanaemi/public/index.php(37): CodeIgniter\CodeIgniter->run()
#13 /home/icaksh/pemweb/hanaemi/vendor/codeigniter4/framework/system/Commands/Server/rewrite.php(43): require_once('/home/icaksh/pe...')
#14 {main}
ERROR - 2021-12-20 03:05:43 --> Column 'nama' cannot be null
CRITICAL - 2021-12-20 03:05:43 --> Column 'nama' cannot be null
#0 /home/icaksh/pemweb/hanaemi/vendor/codeigniter4/framework/system/Database/MySQLi/Connection.php(292): mysqli->query()
#1 /home/icaksh/pemweb/hanaemi/vendor/codeigniter4/framework/system/Database/BaseConnection.php(670): CodeIgniter\Database\MySQLi\Connection->execute()
#2 /home/icaksh/pemweb/hanaemi/vendor/codeigniter4/framework/system/Database/BaseConnection.php(598): CodeIgniter\Database\BaseConnection->simpleQuery()
#3 /home/icaksh/pemweb/hanaemi/vendor/codeigniter4/framework/system/Database/BaseBuilder.php(1759): CodeIgniter\Database\BaseConnection->query()
#4 /home/icaksh/pemweb/hanaemi/vendor/codeigniter4/framework/system/Model.php(239): CodeIgniter\Database\BaseBuilder->insert()
#5 /home/icaksh/pemweb/hanaemi/vendor/codeigniter4/framework/system/BaseModel.php(738): CodeIgniter\Model->doInsert()
#6 /home/icaksh/pemweb/hanaemi/vendor/codeigniter4/framework/system/Model.php(620): CodeIgniter\BaseModel->insert()
#7 /home/icaksh/pemweb/hanaemi/vendor/codeigniter4/framework/system/BaseModel.php(658): CodeIgniter\Model->insert()
#8 /home/icaksh/pemweb/hanaemi/app/Controllers/User.php(92): CodeIgniter\BaseModel->save()
#9 /home/icaksh/pemweb/hanaemi/vendor/codeigniter4/framework/system/CodeIgniter.php(824): App\Controllers\User->presensi()
#10 /home/icaksh/pemweb/hanaemi/vendor/codeigniter4/framework/system/CodeIgniter.php(410): CodeIgniter\CodeIgniter->runController()
#11 /home/icaksh/pemweb/hanaemi/vendor/codeigniter4/framework/system/CodeIgniter.php(318): CodeIgniter\CodeIgniter->handleRequest()
#12 /home/icaksh/pemweb/hanaemi/public/index.php(37): CodeIgniter\CodeIgniter->run()
#13 /home/icaksh/pemweb/hanaemi/vendor/codeigniter4/framework/system/Commands/Server/rewrite.php(43): require_once('/home/icaksh/pe...')
#14 {main}
CRITICAL - 2021-12-20 04:45:39 --> Class 'App\Controllers\CutiModel' not found
#0 /home/icaksh/pemweb/hanaemi/vendor/codeigniter4/framework/system/CodeIgniter.php(801): App\Controllers\Cuti->__construct()
#1 /home/icaksh/pemweb/hanaemi/vendor/codeigniter4/framework/system/CodeIgniter.php(401): CodeIgniter\CodeIgniter->createController()
#2 /home/icaksh/pemweb/hanaemi/vendor/codeigniter4/framework/system/CodeIgniter.php(318): CodeIgniter\CodeIgniter->handleRequest()
#3 /home/icaksh/pemweb/hanaemi/public/index.php(37): CodeIgniter\CodeIgniter->run()
#4 /home/icaksh/pemweb/hanaemi/vendor/codeigniter4/framework/system/Commands/Server/rewrite.php(43): require_once('/home/icaksh/pe...')
#5 {main}
CRITICAL - 2021-12-20 04:45:40 --> Class 'App\Controllers\CutiModel' not found
#0 /home/icaksh/pemweb/hanaemi/vendor/codeigniter4/framework/system/CodeIgniter.php(801): App\Controllers\Cuti->__construct()
#1 /home/icaksh/pemweb/hanaemi/vendor/codeigniter4/framework/system/CodeIgniter.php(401): CodeIgniter\CodeIgniter->createController()
#2 /home/icaksh/pemweb/hanaemi/vendor/codeigniter4/framework/system/CodeIgniter.php(318): CodeIgniter\CodeIgniter->handleRequest()
#3 /home/icaksh/pemweb/hanaemi/public/index.php(37): CodeIgniter\CodeIgniter->run()
#4 /home/icaksh/pemweb/hanaemi/vendor/codeigniter4/framework/system/Commands/Server/rewrite.php(43): require_once('/home/icaksh/pe...')
#5 {main}
CRITICAL - 2021-12-20 06:12:44 --> Call to undefined method stdClass::isBanned()
#0 /home/icaksh/pemweb/hanaemi/vendor/myth/auth/src/Controllers/AuthController.php(88): Myth\Auth\Authentication\LocalAuthenticator->attempt()
#1 /home/icaksh/pemweb/hanaemi/vendor/codeigniter4/framework/system/CodeIgniter.php(824): Myth\Auth\Controllers\AuthController->attemptLogin()
#2 /home/icaksh/pemweb/hanaemi/vendor/codeigniter4/framework/system/CodeIgniter.php(410): CodeIgniter\CodeIgniter->runController()
#3 /home/icaksh/pemweb/hanaemi/vendor/codeigniter4/framework/system/CodeIgniter.php(318): CodeIgniter\CodeIgniter->handleRequest()
#4 /home/icaksh/pemweb/hanaemi/public/index.php(37): CodeIgniter\CodeIgniter->run()
#5 /home/icaksh/pemweb/hanaemi/vendor/codeigniter4/framework/system/Commands/Server/rewrite.php(43): require_once('/home/icaksh/pe...')
#6 {main}
CRITICAL - 2021-12-20 06:13:16 --> Call to undefined method stdClass::isBanned()
#0 /home/icaksh/pemweb/hanaemi/vendor/myth/auth/src/Controllers/AuthController.php(88): Myth\Auth\Authentication\LocalAuthenticator->attempt()
#1 /home/icaksh/pemweb/hanaemi/vendor/codeigniter4/framework/system/CodeIgniter.php(824): Myth\Auth\Controllers\AuthController->attemptLogin()
#2 /home/icaksh/pemweb/hanaemi/vendor/codeigniter4/framework/system/CodeIgniter.php(410): CodeIgniter\CodeIgniter->runController()
#3 /home/icaksh/pemweb/hanaemi/vendor/codeigniter4/framework/system/CodeIgniter.php(318): CodeIgniter\CodeIgniter->handleRequest()
#4 /home/icaksh/pemweb/hanaemi/public/index.php(37): CodeIgniter\CodeIgniter->run()
#5 /home/icaksh/pemweb/hanaemi/vendor/codeigniter4/framework/system/Commands/Server/rewrite.php(43): require_once('/home/icaksh/pe...')
#6 {main}
CRITICAL - 2021-12-20 06:13:25 --> Call to undefined method stdClass::isBanned()
#0 /home/icaksh/pemweb/hanaemi/vendor/myth/auth/src/Controllers/AuthController.php(88): Myth\Auth\Authentication\LocalAuthenticator->attempt()
#1 /home/icaksh/pemweb/hanaemi/vendor/codeigniter4/framework/system/CodeIgniter.php(824): Myth\Auth\Controllers\AuthController->attemptLogin()
#2 /home/icaksh/pemweb/hanaemi/vendor/codeigniter4/framework/system/CodeIgniter.php(410): CodeIgniter\CodeIgniter->runController()
#3 /home/icaksh/pemweb/hanaemi/vendor/codeigniter4/framework/system/CodeIgniter.php(318): CodeIgniter\CodeIgniter->handleRequest()
#4 /home/icaksh/pemweb/hanaemi/public/index.php(37): CodeIgniter\CodeIgniter->run()
#5 /home/icaksh/pemweb/hanaemi/vendor/codeigniter4/framework/system/Commands/Server/rewrite.php(43): require_once('/home/icaksh/pe...')
#6 {main}
CRITICAL - 2021-12-20 06:22:04 --> Call to undefined method App\Models\CutiModel::getResult
#0 /home/icaksh/pemweb/hanaemi/app/Models/CutiModel.php(31): CodeIgniter\Model->__call()
#1 /home/icaksh/pemweb/hanaemi/app/Controllers/Cuti.php(82): App\Models\CutiModel->getCutiAdmin()
#2 /home/icaksh/pemweb/hanaemi/vendor/codeigniter4/framework/system/CodeIgniter.php(824): App\Controllers\Cuti->adminShow()
#3 /home/icaksh/pemweb/hanaemi/vendor/codeigniter4/framework/system/CodeIgniter.php(410): CodeIgniter\CodeIgniter->runController()
#4 /home/icaksh/pemweb/hanaemi/vendor/codeigniter4/framework/system/CodeIgniter.php(318): CodeIgniter\CodeIgniter->handleRequest()
#5 /home/icaksh/pemweb/hanaemi/public/index.php(37): CodeIgniter\CodeIgniter->run()
#6 /home/icaksh/pemweb/hanaemi/vendor/codeigniter4/framework/system/Commands/Server/rewrite.php(43): require_once('/home/icaksh/pe...')
#7 {main}
CRITICAL - 2021-12-20 06:22:46 --> Call to undefined method CodeIgniter\Database\MySQLi\Result::where()
#0 /home/icaksh/pemweb/hanaemi/app/Controllers/Cuti.php(82): App\Models\CutiModel->getCutiAdmin()
#1 /home/icaksh/pemweb/hanaemi/vendor/codeigniter4/framework/system/CodeIgniter.php(824): App\Controllers\Cuti->adminShow()
#2 /home/icaksh/pemweb/hanaemi/vendor/codeigniter4/framework/system/CodeIgniter.php(410): CodeIgniter\CodeIgniter->runController()
#3 /home/icaksh/pemweb/hanaemi/vendor/codeigniter4/framework/system/CodeIgniter.php(318): CodeIgniter\CodeIgniter->handleRequest()
#4 /home/icaksh/pemweb/hanaemi/public/index.php(37): CodeIgniter\CodeIgniter->run()
#5 /home/icaksh/pemweb/hanaemi/vendor/codeigniter4/framework/system/Commands/Server/rewrite.php(43): require_once('/home/icaksh/pe...')
#6 {main}
CRITICAL - 2021-12-20 06:24:45 --> Call to undefined method CodeIgniter\Database\MySQLi\Result::getWhere()
#0 /home/icaksh/pemweb/hanaemi/app/Controllers/Cuti.php(82): App\Models\CutiModel->getCutiAdmin()
#1 /home/icaksh/pemweb/hanaemi/vendor/codeigniter4/framework/system/CodeIgniter.php(824): App\Controllers\Cuti->adminShow()
#2 /home/icaksh/pemweb/hanaemi/vendor/codeigniter4/framework/system/CodeIgniter.php(410): CodeIgniter\CodeIgniter->runController()
#3 /home/icaksh/pemweb/hanaemi/vendor/codeigniter4/framework/system/CodeIgniter.php(318): CodeIgniter\CodeIgniter->handleRequest()
#4 /home/icaksh/pemweb/hanaemi/public/index.php(37): CodeIgniter\CodeIgniter->run()
#5 /home/icaksh/pemweb/hanaemi/vendor/codeigniter4/framework/system/Commands/Server/rewrite.php(43): require_once('/home/icaksh/pe...')
#6 {main}
CRITICAL - 2021-12-20 06:24:46 --> Call to undefined method CodeIgniter\Database\MySQLi\Result::getWhere()
#0 /home/icaksh/pemweb/hanaemi/app/Controllers/Cuti.php(82): App\Models\CutiModel->getCutiAdmin()
#1 /home/icaksh/pemweb/hanaemi/vendor/codeigniter4/framework/system/CodeIgniter.php(824): App\Controllers\Cuti->adminShow()
#2 /home/icaksh/pemweb/hanaemi/vendor/codeigniter4/framework/system/CodeIgniter.php(410): CodeIgniter\CodeIgniter->runController()
#3 /home/icaksh/pemweb/hanaemi/vendor/codeigniter4/framework/system/CodeIgniter.php(318): CodeIgniter\CodeIgniter->handleRequest()
#4 /home/icaksh/pemweb/hanaemi/public/index.php(37): CodeIgniter\CodeIgniter->run()
#5 /home/icaksh/pemweb/hanaemi/vendor/codeigniter4/framework/system/Commands/Server/rewrite.php(43): require_once('/home/icaksh/pe...')
#6 {main}
CRITICAL - 2021-12-20 06:24:46 --> Call to undefined method CodeIgniter\Database\MySQLi\Result::getWhere()
#0 /home/icaksh/pemweb/hanaemi/app/Controllers/Cuti.php(82): App\Models\CutiModel->getCutiAdmin()
#1 /home/icaksh/pemweb/hanaemi/vendor/codeigniter4/framework/system/CodeIgniter.php(824): App\Controllers\Cuti->adminShow()
#2 /home/icaksh/pemweb/hanaemi/vendor/codeigniter4/framework/system/CodeIgniter.php(410): CodeIgniter\CodeIgniter->runController()
#3 /home/icaksh/pemweb/hanaemi/vendor/codeigniter4/framework/system/CodeIgniter.php(318): CodeIgniter\CodeIgniter->handleRequest()
#4 /home/icaksh/pemweb/hanaemi/public/index.php(37): CodeIgniter\CodeIgniter->run()
#5 /home/icaksh/pemweb/hanaemi/vendor/codeigniter4/framework/system/Commands/Server/rewrite.php(43): require_once('/home/icaksh/pe...')
#6 {main}
ERROR - 2021-12-20 06:25:15 --> Column 'id' in where clause is ambiguous
CRITICAL - 2021-12-20 06:25:15 --> Column 'id' in where clause is ambiguous
#0 /home/icaksh/pemweb/hanaemi/vendor/codeigniter4/framework/system/Database/MySQLi/Connection.php(292): mysqli->query()
#1 /home/icaksh/pemweb/hanaemi/vendor/codeigniter4/framework/system/Database/BaseConnection.php(670): CodeIgniter\Database\MySQLi\Connection->execute()
#2 /home/icaksh/pemweb/hanaemi/vendor/codeigniter4/framework/system/Database/BaseConnection.php(598): CodeIgniter\Database\BaseConnection->simpleQuery()
#3 /home/icaksh/pemweb/hanaemi/vendor/codeigniter4/framework/system/Database/BaseBuilder.php(1576): CodeIgniter\Database\BaseConnection->query()
#4 /home/icaksh/pemweb/hanaemi/app/Models/CutiModel.php(30): CodeIgniter\Database\BaseBuilder->getWhere()
#5 /home/icaksh/pemweb/hanaemi/app/Controllers/Cuti.php(82): App\Models\CutiModel->getCutiAdmin()
#6 /home/icaksh/pemweb/hanaemi/vendor/codeigniter4/framework/system/CodeIgniter.php(824): App\Controllers\Cuti->adminShow()
#7 /home/icaksh/pemweb/hanaemi/vendor/codeigniter4/framework/system/CodeIgniter.php(410): CodeIgniter\CodeIgniter->runController()
#8 /home/icaksh/pemweb/hanaemi/vendor/codeigniter4/framework/system/CodeIgniter.php(318): CodeIgniter\CodeIgniter->handleRequest()
#9 /home/icaksh/pemweb/hanaemi/public/index.php(37): CodeIgniter\CodeIgniter->run()
#10 /home/icaksh/pemweb/hanaemi/vendor/codeigniter4/framework/system/Commands/Server/rewrite.php(43): require_once('/home/icaksh/pe...')
#11 {main}
ERROR - 2021-12-20 06:25:17 --> Column 'id' in where clause is ambiguous
CRITICAL - 2021-12-20 06:25:17 --> Column 'id' in where clause is ambiguous
#0 /home/icaksh/pemweb/hanaemi/vendor/codeigniter4/framework/system/Database/MySQLi/Connection.php(292): mysqli->query()
#1 /home/icaksh/pemweb/hanaemi/vendor/codeigniter4/framework/system/Database/BaseConnection.php(670): CodeIgniter\Database\MySQLi\Connection->execute()
#2 /home/icaksh/pemweb/hanaemi/vendor/codeigniter4/framework/system/Database/BaseConnection.php(598): CodeIgniter\Database\BaseConnection->simpleQuery()
#3 /home/icaksh/pemweb/hanaemi/vendor/codeigniter4/framework/system/Database/BaseBuilder.php(1576): CodeIgniter\Database\BaseConnection->query()
#4 /home/icaksh/pemweb/hanaemi/app/Models/CutiModel.php(30): CodeIgniter\Database\BaseBuilder->getWhere()
#5 /home/icaksh/pemweb/hanaemi/app/Controllers/Cuti.php(82): App\Models\CutiModel->getCutiAdmin()
#6 /home/icaksh/pemweb/hanaemi/vendor/codeigniter4/framework/system/CodeIgniter.php(824): App\Controllers\Cuti->adminShow()
#7 /home/icaksh/pemweb/hanaemi/vendor/codeigniter4/framework/system/CodeIgniter.php(410): CodeIgniter\CodeIgniter->runController()
#8 /home/icaksh/pemweb/hanaemi/vendor/codeigniter4/framework/system/CodeIgniter.php(318): CodeIgniter\CodeIgniter->handleRequest()
#9 /home/icaksh/pemweb/hanaemi/public/index.php(37): CodeIgniter\CodeIgniter->run()
#10 /home/icaksh/pemweb/hanaemi/vendor/codeigniter4/framework/system/Commands/Server/rewrite.php(43): require_once('/home/icaksh/pe...')
#11 {main}
ERROR - 2021-12-20 06:25:19 --> Column 'id' in where clause is ambiguous
CRITICAL - 2021-12-20 06:25:19 --> Column 'id' in where clause is ambiguous
#0 /home/icaksh/pemweb/hanaemi/vendor/codeigniter4/framework/system/Database/MySQLi/Connection.php(292): mysqli->query()
#1 /home/icaksh/pemweb/hanaemi/vendor/codeigniter4/framework/system/Database/BaseConnection.php(670): CodeIgniter\Database\MySQLi\Connection->execute()
#2 /home/icaksh/pemweb/hanaemi/vendor/codeigniter4/framework/system/Database/BaseConnection.php(598): CodeIgniter\Database\BaseConnection->simpleQuery()
#3 /home/icaksh/pemweb/hanaemi/vendor/codeigniter4/framework/system/Database/BaseBuilder.php(1576): CodeIgniter\Database\BaseConnection->query()
#4 /home/icaksh/pemweb/hanaemi/app/Models/CutiModel.php(30): CodeIgniter\Database\BaseBuilder->getWhere()
#5 /home/icaksh/pemweb/hanaemi/app/Controllers/Cuti.php(82): App\Models\CutiModel->getCutiAdmin()
#6 /home/icaksh/pemweb/hanaemi/vendor/codeigniter4/framework/system/CodeIgniter.php(824): App\Controllers\Cuti->adminShow()
#7 /home/icaksh/pemweb/hanaemi/vendor/codeigniter4/framework/system/CodeIgniter.php(410): CodeIgniter\CodeIgniter->runController()
#8 /home/icaksh/pemweb/hanaemi/vendor/codeigniter4/framework/system/CodeIgniter.php(318): CodeIgniter\CodeIgniter->handleRequest()
#9 /home/icaksh/pemweb/hanaemi/public/index.php(37): CodeIgniter\CodeIgniter->run()
#10 /home/icaksh/pemweb/hanaemi/vendor/codeigniter4/framework/system/Commands/Server/rewrite.php(43): require_once('/home/icaksh/pe...')
#11 {main}
ERROR - 2021-12-20 06:28:04 --> Column 'status' in field list is ambiguous
CRITICAL - 2021-12-20 06:28:04 --> Column 'status' in field list is ambiguous
#0 /home/icaksh/pemweb/hanaemi/vendor/codeigniter4/framework/system/Database/MySQLi/Connection.php(292): mysqli->query()
#1 /home/icaksh/pemweb/hanaemi/vendor/codeigniter4/framework/system/Database/BaseConnection.php(670): CodeIgniter\Database\MySQLi\Connection->execute()
#2 /home/icaksh/pemweb/hanaemi/vendor/codeigniter4/framework/system/Database/BaseConnection.php(598): CodeIgniter\Database\BaseConnection->simpleQuery()
#3 /home/icaksh/pemweb/hanaemi/vendor/codeigniter4/framework/system/Database/BaseBuilder.php(1576): CodeIgniter\Database\BaseConnection->query()
#4 /home/icaksh/pemweb/hanaemi/app/Models/CutiModel.php(31): CodeIgniter\Database\BaseBuilder->getWhere()
#5 /home/icaksh/pemweb/hanaemi/app/Controllers/Cuti.php(82): App\Models\CutiModel->getCutiAdmin()
#6 /home/icaksh/pemweb/hanaemi/vendor/codeigniter4/framework/system/CodeIgniter.php(824): App\Controllers\Cuti->adminShow()
#7 /home/icaksh/pemweb/hanaemi/vendor/codeigniter4/framework/system/CodeIgniter.php(410): CodeIgniter\CodeIgniter->runController()
#8 /home/icaksh/pemweb/hanaemi/vendor/codeigniter4/framework/system/CodeIgniter.php(318): CodeIgniter\CodeIgniter->handleRequest()
#9 /home/icaksh/pemweb/hanaemi/public/index.php(37): CodeIgniter\CodeIgniter->run()
#10 /home/icaksh/pemweb/hanaemi/vendor/codeigniter4/framework/system/Commands/Server/rewrite.php(43): require_once('/home/icaksh/pe...')
#11 {main}
CRITICAL - 2021-12-20 06:37:17 --> Undefined property: stdClass::$status
#0 /home/icaksh/pemweb/hanaemi/app/Views/cuti/admin/index.php(42): CodeIgniter\Debug\Exceptions->errorHandler()
#1 /home/icaksh/pemweb/hanaemi/vendor/codeigniter4/framework/system/View/View.php(214): include('/home/icaksh/pe...')
#2 /home/icaksh/pemweb/hanaemi/vendor/codeigniter4/framework/system/View/View.php(217): CodeIgniter\View\View->CodeIgniter\View\{closure}()
#3 /home/icaksh/pemweb/hanaemi/vendor/codeigniter4/framework/system/Common.php(1097): CodeIgniter\View\View->render()
#4 /home/icaksh/pemweb/hanaemi/app/Controllers/Cuti.php(77): view()
#5 /home/icaksh/pemweb/hanaemi/vendor/codeigniter4/framework/system/CodeIgniter.php(824): App\Controllers\Cuti->adminIndex()
#6 /home/icaksh/pemweb/hanaemi/vendor/codeigniter4/framework/system/CodeIgniter.php(410): CodeIgniter\CodeIgniter->runController()
#7 /home/icaksh/pemweb/hanaemi/vendor/codeigniter4/framework/system/CodeIgniter.php(318): CodeIgniter\CodeIgniter->handleRequest()
#8 /home/icaksh/pemweb/hanaemi/public/index.php(37): CodeIgniter\CodeIgniter->run()
#9 /home/icaksh/pemweb/hanaemi/vendor/codeigniter4/framework/system/Commands/Server/rewrite.php(43): require_once('/home/icaksh/pe...')
#10 {main}
CRITICAL - 2021-12-20 06:37:38 --> Undefined property: stdClass::$status
#0 /home/icaksh/pemweb/hanaemi/app/Views/cuti/admin/index.php(42): CodeIgniter\Debug\Exceptions->errorHandler()
#1 /home/icaksh/pemweb/hanaemi/vendor/codeigniter4/framework/system/View/View.php(214): include('/home/icaksh/pe...')
#2 /home/icaksh/pemweb/hanaemi/vendor/codeigniter4/framework/system/View/View.php(217): CodeIgniter\View\View->CodeIgniter\View\{closure}()
#3 /home/icaksh/pemweb/hanaemi/vendor/codeigniter4/framework/system/Common.php(1097): CodeIgniter\View\View->render()
#4 /home/icaksh/pemweb/hanaemi/app/Controllers/Cuti.php(77): view()
#5 /home/icaksh/pemweb/hanaemi/vendor/codeigniter4/framework/system/CodeIgniter.php(824): App\Controllers\Cuti->adminIndex()
#6 /home/icaksh/pemweb/hanaemi/vendor/codeigniter4/framework/system/CodeIgniter.php(410): CodeIgniter\CodeIgniter->runController()
#7 /home/icaksh/pemweb/hanaemi/vendor/codeigniter4/framework/system/CodeIgniter.php(318): CodeIgniter\CodeIgniter->handleRequest()
#8 /home/icaksh/pemweb/hanaemi/public/index.php(37): CodeIgniter\CodeIgniter->run()
#9 /home/icaksh/pemweb/hanaemi/vendor/codeigniter4/framework/system/Commands/Server/rewrite.php(43): require_once('/home/icaksh/pe...')
#10 {main}
CRITICAL - 2021-12-20 06:37:38 --> Undefined property: stdClass::$status
#0 /home/icaksh/pemweb/hanaemi/app/Views/cuti/admin/index.php(42): CodeIgniter\Debug\Exceptions->errorHandler()
#1 /home/icaksh/pemweb/hanaemi/vendor/codeigniter4/framework/system/View/View.php(214): include('/home/icaksh/pe...')
#2 /home/icaksh/pemweb/hanaemi/vendor/codeigniter4/framework/system/View/View.php(217): CodeIgniter\View\View->CodeIgniter\View\{closure}()
#3 /home/icaksh/pemweb/hanaemi/vendor/codeigniter4/framework/system/Common.php(1097): CodeIgniter\View\View->render()
#4 /home/icaksh/pemweb/hanaemi/app/Controllers/Cuti.php(77): view()
#5 /home/icaksh/pemweb/hanaemi/vendor/codeigniter4/framework/system/CodeIgniter.php(824): App\Controllers\Cuti->adminIndex()
#6 /home/icaksh/pemweb/hanaemi/vendor/codeigniter4/framework/system/CodeIgniter.php(410): CodeIgniter\CodeIgniter->runController()
#7 /home/icaksh/pemweb/hanaemi/vendor/codeigniter4/framework/system/CodeIgniter.php(318): CodeIgniter\CodeIgniter->handleRequest()
#8 /home/icaksh/pemweb/hanaemi/public/index.php(37): CodeIgniter\CodeIgniter->run()
#9 /home/icaksh/pemweb/hanaemi/vendor/codeigniter4/framework/system/Commands/Server/rewrite.php(43): require_once('/home/icaksh/pe...')
#10 {main}
CRITICAL - 2021-12-20 06:37:39 --> Undefined property: stdClass::$status
#0 /home/icaksh/pemweb/hanaemi/app/Views/cuti/admin/index.php(42): CodeIgniter\Debug\Exceptions->errorHandler()
#1 /home/icaksh/pemweb/hanaemi/vendor/codeigniter4/framework/system/View/View.php(214): include('/home/icaksh/pe...')
#2 /home/icaksh/pemweb/hanaemi/vendor/codeigniter4/framework/system/View/View.php(217): CodeIgniter\View\View->CodeIgniter\View\{closure}()
#3 /home/icaksh/pemweb/hanaemi/vendor/codeigniter4/framework/system/Common.php(1097): CodeIgniter\View\View->render()
#4 /home/icaksh/pemweb/hanaemi/app/Controllers/Cuti.php(77): view()
#5 /home/icaksh/pemweb/hanaemi/vendor/codeigniter4/framework/system/CodeIgniter.php(824): App\Controllers\Cuti->adminIndex()
#6 /home/icaksh/pemweb/hanaemi/vendor/codeigniter4/framework/system/CodeIgniter.php(410): CodeIgniter\CodeIgniter->runController()
#7 /home/icaksh/pemweb/hanaemi/vendor/codeigniter4/framework/system/CodeIgniter.php(318): CodeIgniter\CodeIgniter->handleRequest()
#8 /home/icaksh/pemweb/hanaemi/public/index.php(37): CodeIgniter\CodeIgniter->run()
#9 /home/icaksh/pemweb/hanaemi/vendor/codeigniter4/framework/system/Commands/Server/rewrite.php(43): require_once('/home/icaksh/pe...')
#10 {main}
ERROR - 2021-12-20 06:38:12 --> Column 'status' in field list is ambiguous
CRITICAL - 2021-12-20 06:38:12 --> Column 'status' in field list is ambiguous
#0 /home/icaksh/pemweb/hanaemi/vendor/codeigniter4/framework/system/Database/MySQLi/Connection.php(292): mysqli->query()
#1 /home/icaksh/pemweb/hanaemi/vendor/codeigniter4/framework/system/Database/BaseConnection.php(670): CodeIgniter\Database\MySQLi\Connection->execute()
#2 /home/icaksh/pemweb/hanaemi/vendor/codeigniter4/framework/system/Database/BaseConnection.php(598): CodeIgniter\Database\BaseConnection->simpleQuery()
#3 /home/icaksh/pemweb/hanaemi/vendor/codeigniter4/framework/system/Database/BaseBuilder.php(1443): CodeIgniter\Database\BaseConnection->query()
#4 /home/icaksh/pemweb/hanaemi/app/Models/CutiModel.php(34): CodeIgniter\Database\BaseBuilder->get()
#5 /home/icaksh/pemweb/hanaemi/app/Controllers/Cuti.php(69): App\Models\CutiModel->getCutiAdmin()
#6 /home/icaksh/pemweb/hanaemi/vendor/codeigniter4/framework/system/CodeIgniter.php(824): App\Controllers\Cuti->adminIndex()
#7 /home/icaksh/pemweb/hanaemi/vendor/codeigniter4/framework/system/CodeIgniter.php(410): CodeIgniter\CodeIgniter->runController()
#8 /home/icaksh/pemweb/hanaemi/vendor/codeigniter4/framework/system/CodeIgniter.php(318): CodeIgniter\CodeIgniter->handleRequest()
#9 /home/icaksh/pemweb/hanaemi/public/index.php(37): CodeIgniter\CodeIgniter->run()
#10 /home/icaksh/pemweb/hanaemi/vendor/codeigniter4/framework/system/Commands/Server/rewrite.php(43): require_once('/home/icaksh/pe...')
#11 {main}
CRITICAL - 2021-12-20 06:38:34 --> Undefined property: stdClass::$id
#0 /home/icaksh/pemweb/hanaemi/app/Views/cuti/admin/index.php(57): CodeIgniter\Debug\Exceptions->errorHandler()
#1 /home/icaksh/pemweb/hanaemi/vendor/codeigniter4/framework/system/View/View.php(214): include('/home/icaksh/pe...')
#2 /home/icaksh/pemweb/hanaemi/vendor/codeigniter4/framework/system/View/View.php(217): CodeIgniter\View\View->CodeIgniter\View\{closure}()
#3 /home/icaksh/pemweb/hanaemi/vendor/codeigniter4/framework/system/Common.php(1097): CodeIgniter\View\View->render()
#4 /home/icaksh/pemweb/hanaemi/app/Controllers/Cuti.php(77): view()
#5 /home/icaksh/pemweb/hanaemi/vendor/codeigniter4/framework/system/CodeIgniter.php(824): App\Controllers\Cuti->adminIndex()
#6 /home/icaksh/pemweb/hanaemi/vendor/codeigniter4/framework/system/CodeIgniter.php(410): CodeIgniter\CodeIgniter->runController()
#7 /home/icaksh/pemweb/hanaemi/vendor/codeigniter4/framework/system/CodeIgniter.php(318): CodeIgniter\CodeIgniter->handleRequest()
#8 /home/icaksh/pemweb/hanaemi/public/index.php(37): CodeIgniter\CodeIgniter->run()
#9 /home/icaksh/pemweb/hanaemi/vendor/codeigniter4/framework/system/Commands/Server/rewrite.php(43): require_once('/home/icaksh/pe...')
#10 {main}
CRITICAL - 2021-12-20 06:38:34 --> Undefined property: stdClass::$id
#0 /home/icaksh/pemweb/hanaemi/app/Views/cuti/admin/index.php(57): CodeIgniter\Debug\Exceptions->errorHandler()
#1 /home/icaksh/pemweb/hanaemi/vendor/codeigniter4/framework/system/View/View.php(214): include('/home/icaksh/pe...')
#2 /home/icaksh/pemweb/hanaemi/vendor/codeigniter4/framework/system/View/View.php(217): CodeIgniter\View\View->CodeIgniter\View\{closure}()
#3 /home/icaksh/pemweb/hanaemi/vendor/codeigniter4/framework/system/Common.php(1097): CodeIgniter\View\View->render()
#4 /home/icaksh/pemweb/hanaemi/app/Controllers/Cuti.php(77): view()
#5 /home/icaksh/pemweb/hanaemi/vendor/codeigniter4/framework/system/CodeIgniter.php(824): App\Controllers\Cuti->adminIndex()
#6 /home/icaksh/pemweb/hanaemi/vendor/codeigniter4/framework/system/CodeIgniter.php(410): CodeIgniter\CodeIgniter->runController()
#7 /home/icaksh/pemweb/hanaemi/vendor/codeigniter4/framework/system/CodeIgniter.php(318): CodeIgniter\CodeIgniter->handleRequest()
#8 /home/icaksh/pemweb/hanaemi/public/index.php(37): CodeIgniter\CodeIgniter->run()
#9 /home/icaksh/pemweb/hanaemi/vendor/codeigniter4/framework/system/Commands/Server/rewrite.php(43): require_once('/home/icaksh/pe...')
#10 {main}
CRITICAL - 2021-12-20 06:38:35 --> Undefined property: stdClass::$id
#0 /home/icaksh/pemweb/hanaemi/app/Views/cuti/admin/index.php(57): CodeIgniter\Debug\Exceptions->errorHandler()
#1 /home/icaksh/pemweb/hanaemi/vendor/codeigniter4/framework/system/View/View.php(214): include('/home/icaksh/pe...')
#2 /home/icaksh/pemweb/hanaemi/vendor/codeigniter4/framework/system/View/View.php(217): CodeIgniter\View\View->CodeIgniter\View\{closure}()
#3 /home/icaksh/pemweb/hanaemi/vendor/codeigniter4/framework/system/Common.php(1097): CodeIgniter\View\View->render()
#4 /home/icaksh/pemweb/hanaemi/app/Controllers/Cuti.php(77): view()
#5 /home/icaksh/pemweb/hanaemi/vendor/codeigniter4/framework/system/CodeIgniter.php(824): App\Controllers\Cuti->adminIndex()
#6 /home/icaksh/pemweb/hanaemi/vendor/codeigniter4/framework/system/CodeIgniter.php(410): CodeIgniter\CodeIgniter->runController()
#7 /home/icaksh/pemweb/hanaemi/vendor/codeigniter4/framework/system/CodeIgniter.php(318): CodeIgniter\CodeIgniter->handleRequest()
#8 /home/icaksh/pemweb/hanaemi/public/index.php(37): CodeIgniter\CodeIgniter->run()
#9 /home/icaksh/pemweb/hanaemi/vendor/codeigniter4/framework/system/Commands/Server/rewrite.php(43): require_once('/home/icaksh/pe...')
#10 {main}
CRITICAL - 2021-12-20 06:38:35 --> Undefined property: stdClass::$id
#0 /home/icaksh/pemweb/hanaemi/app/Views/cuti/admin/index.php(57): CodeIgniter\Debug\Exceptions->errorHandler()
#1 /home/icaksh/pemweb/hanaemi/vendor/codeigniter4/framework/system/View/View.php(214): include('/home/icaksh/pe...')
#2 /home/icaksh/pemweb/hanaemi/vendor/codeigniter4/framework/system/View/View.php(217): CodeIgniter\View\View->CodeIgniter\View\{closure}()
#3 /home/icaksh/pemweb/hanaemi/vendor/codeigniter4/framework/system/Common.php(1097): CodeIgniter\View\View->render()
#4 /home/icaksh/pemweb/hanaemi/app/Controllers/Cuti.php(77): view()
#5 /home/icaksh/pemweb/hanaemi/vendor/codeigniter4/framework/system/CodeIgniter.php(824): App\Controllers\Cuti->adminIndex()
#6 /home/icaksh/pemweb/hanaemi/vendor/codeigniter4/framework/system/CodeIgniter.php(410): CodeIgniter\CodeIgniter->runController()
#7 /home/icaksh/pemweb/hanaemi/vendor/codeigniter4/framework/system/CodeIgniter.php(318): CodeIgniter\CodeIgniter->handleRequest()
#8 /home/icaksh/pemweb/hanaemi/public/index.php(37): CodeIgniter\CodeIgniter->run()
#9 /home/icaksh/pemweb/hanaemi/vendor/codeigniter4/framework/system/Commands/Server/rewrite.php(43): require_once('/home/icaksh/pe...')
#10 {main}
CRITICAL - 2021-12-20 06:38:36 --> Undefined property: stdClass::$id
#0 /home/icaksh/pemweb/hanaemi/app/Views/cuti/admin/index.php(57): CodeIgniter\Debug\Exceptions->errorHandler()
#1 /home/icaksh/pemweb/hanaemi/vendor/codeigniter4/framework/system/View/View.php(214): include('/home/icaksh/pe...')
#2 /home/icaksh/pemweb/hanaemi/vendor/codeigniter4/framework/system/View/View.php(217): CodeIgniter\View\View->CodeIgniter\View\{closure}()
#3 /home/icaksh/pemweb/hanaemi/vendor/codeigniter4/framework/system/Common.php(1097): CodeIgniter\View\View->render()
#4 /home/icaksh/pemweb/hanaemi/app/Controllers/Cuti.php(77): view()
#5 /home/icaksh/pemweb/hanaemi/vendor/codeigniter4/framework/system/CodeIgniter.php(824): App\Controllers\Cuti->adminIndex()
#6 /home/icaksh/pemweb/hanaemi/vendor/codeigniter4/framework/system/CodeIgniter.php(410): CodeIgniter\CodeIgniter->runController()
#7 /home/icaksh/pemweb/hanaemi/vendor/codeigniter4/framework/system/CodeIgniter.php(318): CodeIgniter\CodeIgniter->handleRequest()
#8 /home/icaksh/pemweb/hanaemi/public/index.php(37): CodeIgniter\CodeIgniter->run()
#9 /home/icaksh/pemweb/hanaemi/vendor/codeigniter4/framework/system/Commands/Server/rewrite.php(43): require_once('/home/icaksh/pe...')
#10 {main}
CRITICAL - 2021-12-20 06:38:36 --> Undefined property: stdClass::$id
#0 /home/icaksh/pemweb/hanaemi/app/Views/cuti/admin/index.php(57): CodeIgniter\Debug\Exceptions->errorHandler()
#1 /home/icaksh/pemweb/hanaemi/vendor/codeigniter4/framework/system/View/View.php(214): include('/home/icaksh/pe...')
#2 /home/icaksh/pemweb/hanaemi/vendor/codeigniter4/framework/system/View/View.php(217): CodeIgniter\View\View->CodeIgniter\View\{closure}()
#3 /home/icaksh/pemweb/hanaemi/vendor/codeigniter4/framework/system/Common.php(1097): CodeIgniter\View\View->render()
#4 /home/icaksh/pemweb/hanaemi/app/Controllers/Cuti.php(77): view()
#5 /home/icaksh/pemweb/hanaemi/vendor/codeigniter4/framework/system/CodeIgniter.php(824): App\Controllers\Cuti->adminIndex()
#6 /home/icaksh/pemweb/hanaemi/vendor/codeigniter4/framework/system/CodeIgniter.php(410): CodeIgniter\CodeIgniter->runController()
#7 /home/icaksh/pemweb/hanaemi/vendor/codeigniter4/framework/system/CodeIgniter.php(318): CodeIgniter\CodeIgniter->handleRequest()
#8 /home/icaksh/pemweb/hanaemi/public/index.php(37): CodeIgniter\CodeIgniter->run()
#9 /home/icaksh/pemweb/hanaemi/vendor/codeigniter4/framework/system/Commands/Server/rewrite.php(43): require_once('/home/icaksh/pe...')
#10 {main}
CRITICAL - 2021-12-20 06:38:36 --> Undefined property: stdClass::$id
#0 /home/icaksh/pemweb/hanaemi/app/Views/cuti/admin/index.php(57): CodeIgniter\Debug\Exceptions->errorHandler()
#1 /home/icaksh/pemweb/hanaemi/vendor/codeigniter4/framework/system/View/View.php(214): include('/home/icaksh/pe...')
#2 /home/icaksh/pemweb/hanaemi/vendor/codeigniter4/framework/system/View/View.php(217): CodeIgniter\View\View->CodeIgniter\View\{closure}()
#3 /home/icaksh/pemweb/hanaemi/vendor/codeigniter4/framework/system/Common.php(1097): CodeIgniter\View\View->render()
#4 /home/icaksh/pemweb/hanaemi/app/Controllers/Cuti.php(77): view()
#5 /home/icaksh/pemweb/hanaemi/vendor/codeigniter4/framework/system/CodeIgniter.php(824): App\Controllers\Cuti->adminIndex()
#6 /home/icaksh/pemweb/hanaemi/vendor/codeigniter4/framework/system/CodeIgniter.php(410): CodeIgniter\CodeIgniter->runController()
#7 /home/icaksh/pemweb/hanaemi/vendor/codeigniter4/framework/system/CodeIgniter.php(318): CodeIgniter\CodeIgniter->handleRequest()
#8 /home/icaksh/pemweb/hanaemi/public/index.php(37): CodeIgniter\CodeIgniter->run()
#9 /home/icaksh/pemweb/hanaemi/vendor/codeigniter4/framework/system/Commands/Server/rewrite.php(43): require_once('/home/icaksh/pe...')
#10 {main}
CRITICAL - 2021-12-20 06:38:37 --> Undefined property: stdClass::$id
#0 /home/icaksh/pemweb/hanaemi/app/Views/cuti/admin/index.php(57): CodeIgniter\Debug\Exceptions->errorHandler()
#1 /home/icaksh/pemweb/hanaemi/vendor/codeigniter4/framework/system/View/View.php(214): include('/home/icaksh/pe...')
#2 /home/icaksh/pemweb/hanaemi/vendor/codeigniter4/framework/system/View/View.php(217): CodeIgniter\View\View->CodeIgniter\View\{closure}()
#3 /home/icaksh/pemweb/hanaemi/vendor/codeigniter4/framework/system/Common.php(1097): CodeIgniter\View\View->render()
#4 /home/icaksh/pemweb/hanaemi/app/Controllers/Cuti.php(77): view()
#5 /home/icaksh/pemweb/hanaemi/vendor/codeigniter4/framework/system/CodeIgniter.php(824): App\Controllers\Cuti->adminIndex()
#6 /home/icaksh/pemweb/hanaemi/vendor/codeigniter4/framework/system/CodeIgniter.php(410): CodeIgniter\CodeIgniter->runController()
#7 /home/icaksh/pemweb/hanaemi/vendor/codeigniter4/framework/system/CodeIgniter.php(318): CodeIgniter\CodeIgniter->handleRequest()
#8 /home/icaksh/pemweb/hanaemi/public/index.php(37): CodeIgniter\CodeIgniter->run()
#9 /home/icaksh/pemweb/hanaemi/vendor/codeigniter4/framework/system/Commands/Server/rewrite.php(43): require_once('/home/icaksh/pe...')
#10 {main}
CRITICAL - 2021-12-20 06:42:56 --> Undefined variable: status
#0 /home/icaksh/pemweb/hanaemi/app/Views/cuti/admin/index.php(59): CodeIgniter\Debug\Exceptions->errorHandler()
#1 /home/icaksh/pemweb/hanaemi/vendor/codeigniter4/framework/system/View/View.php(214): include('/home/icaksh/pe...')
#2 /home/icaksh/pemweb/hanaemi/vendor/codeigniter4/framework/system/View/View.php(217): CodeIgniter\View\View->CodeIgniter\View\{closure}()
#3 /home/icaksh/pemweb/hanaemi/vendor/codeigniter4/framework/system/Common.php(1097): CodeIgniter\View\View->render()
#4 /home/icaksh/pemweb/hanaemi/app/Controllers/Cuti.php(77): view()
#5 /home/icaksh/pemweb/hanaemi/vendor/codeigniter4/framework/system/CodeIgniter.php(824): App\Controllers\Cuti->adminIndex()
#6 /home/icaksh/pemweb/hanaemi/vendor/codeigniter4/framework/system/CodeIgniter.php(410): CodeIgniter\CodeIgniter->runController()
#7 /home/icaksh/pemweb/hanaemi/vendor/codeigniter4/framework/system/CodeIgniter.php(318): CodeIgniter\CodeIgniter->handleRequest()
#8 /home/icaksh/pemweb/hanaemi/public/index.php(37): CodeIgniter\CodeIgniter->run()
#9 /home/icaksh/pemweb/hanaemi/vendor/codeigniter4/framework/system/Commands/Server/rewrite.php(43): require_once('/home/icaksh/pe...')
#10 {main}
ERROR - 2021-12-20 06:57:15 --> Column 'created_at' in field list is ambiguous
CRITICAL - 2021-12-20 06:57:15 --> Column 'created_at' in field list is ambiguous
#0 /home/icaksh/pemweb/hanaemi/vendor/codeigniter4/framework/system/Database/MySQLi/Connection.php(292): mysqli->query()
#1 /home/icaksh/pemweb/hanaemi/vendor/codeigniter4/framework/system/Database/BaseConnection.php(670): CodeIgniter\Database\MySQLi\Connection->execute()
#2 /home/icaksh/pemweb/hanaemi/vendor/codeigniter4/framework/system/Database/BaseConnection.php(598): CodeIgniter\Database\BaseConnection->simpleQuery()
#3 /home/icaksh/pemweb/hanaemi/vendor/codeigniter4/framework/system/Database/BaseBuilder.php(1443): CodeIgniter\Database\BaseConnection->query()
#4 /home/icaksh/pemweb/hanaemi/app/Models/CutiModel.php(34): CodeIgniter\Database\BaseBuilder->get()
#5 /home/icaksh/pemweb/hanaemi/app/Controllers/Cuti.php(69): App\Models\CutiModel->getCutiAdmin()
#6 /home/icaksh/pemweb/hanaemi/vendor/codeigniter4/framework/system/CodeIgniter.php(824): App\Controllers\Cuti->adminIndex()
#7 /home/icaksh/pemweb/hanaemi/vendor/codeigniter4/framework/system/CodeIgniter.php(410): CodeIgniter\CodeIgniter->runController()
#8 /home/icaksh/pemweb/hanaemi/vendor/codeigniter4/framework/system/CodeIgniter.php(318): CodeIgniter\CodeIgniter->handleRequest()
#9 /home/icaksh/pemweb/hanaemi/public/index.php(37): CodeIgniter\CodeIgniter->run()
#10 /home/icaksh/pemweb/hanaemi/vendor/codeigniter4/framework/system/Commands/Server/rewrite.php(43): require_once('/home/icaksh/pe...')
#11 {main}
CRITICAL - 2021-12-20 07:54:16 --> There is no data to update.
#0 /home/icaksh/pemweb/hanaemi/vendor/codeigniter4/framework/system/BaseModel.php(1574): CodeIgniter\Database\Exceptions\DataException::forEmptyDataset()
#1 /home/icaksh/pemweb/hanaemi/vendor/codeigniter4/framework/system/BaseModel.php(832): CodeIgniter\BaseModel->transformDataToArray()
#2 /home/icaksh/pemweb/hanaemi/vendor/codeigniter4/framework/system/Model.php(646): CodeIgniter\BaseModel->update()
#3 /home/icaksh/pemweb/hanaemi/app/Controllers/Cuti.php(89): CodeIgniter\Model->update()
#4 /home/icaksh/pemweb/hanaemi/vendor/codeigniter4/framework/system/CodeIgniter.php(824): App\Controllers\Cuti->adminApprove()
#5 /home/icaksh/pemweb/hanaemi/vendor/codeigniter4/framework/system/CodeIgniter.php(410): CodeIgniter\CodeIgniter->runController()
#6 /home/icaksh/pemweb/hanaemi/vendor/codeigniter4/framework/system/CodeIgniter.php(318): CodeIgniter\CodeIgniter->handleRequest()
#7 /home/icaksh/pemweb/hanaemi/public/index.php(37): CodeIgniter\CodeIgniter->run()
#8 /home/icaksh/pemweb/hanaemi/vendor/codeigniter4/framework/system/Commands/Server/rewrite.php(43): require_once('/home/icaksh/pe...')
#9 {main}
CRITICAL - 2021-12-20 07:54:17 --> There is no data to update.
#0 /home/icaksh/pemweb/hanaemi/vendor/codeigniter4/framework/system/BaseModel.php(1574): CodeIgniter\Database\Exceptions\DataException::forEmptyDataset()
#1 /home/icaksh/pemweb/hanaemi/vendor/codeigniter4/framework/system/BaseModel.php(832): CodeIgniter\BaseModel->transformDataToArray()
#2 /home/icaksh/pemweb/hanaemi/vendor/codeigniter4/framework/system/Model.php(646): CodeIgniter\BaseModel->update()
#3 /home/icaksh/pemweb/hanaemi/app/Controllers/Cuti.php(89): CodeIgniter\Model->update()
#4 /home/icaksh/pemweb/hanaemi/vendor/codeigniter4/framework/system/CodeIgniter.php(824): App\Controllers\Cuti->adminApprove()
#5 /home/icaksh/pemweb/hanaemi/vendor/codeigniter4/framework/system/CodeIgniter.php(410): CodeIgniter\CodeIgniter->runController()
#6 /home/icaksh/pemweb/hanaemi/vendor/codeigniter4/framework/system/CodeIgniter.php(318): CodeIgniter\CodeIgniter->handleRequest()
#7 /home/icaksh/pemweb/hanaemi/public/index.php(37): CodeIgniter\CodeIgniter->run()
#8 /home/icaksh/pemweb/hanaemi/vendor/codeigniter4/framework/system/Commands/Server/rewrite.php(43): require_once('/home/icaksh/pe...')
#9 {main}
CRITICAL - 2021-12-20 07:55:31 --> There is no data to update.
#0 /home/icaksh/pemweb/hanaemi/vendor/codeigniter4/framework/system/BaseModel.php(846): CodeIgniter\Database\Exceptions\DataException::forEmptyDataset()
#1 /home/icaksh/pemweb/hanaemi/vendor/codeigniter4/framework/system/Model.php(646): CodeIgniter\BaseModel->update()
#2 /home/icaksh/pemweb/hanaemi/app/Controllers/Cuti.php(89): CodeIgniter\Model->update()
#3 /home/icaksh/pemweb/hanaemi/vendor/codeigniter4/framework/system/CodeIgniter.php(824): App\Controllers\Cuti->adminApprove()
#4 /home/icaksh/pemweb/hanaemi/vendor/codeigniter4/framework/system/CodeIgniter.php(410): CodeIgniter\CodeIgniter->runController()
#5 /home/icaksh/pemweb/hanaemi/vendor/codeigniter4/framework/system/CodeIgniter.php(318): CodeIgniter\CodeIgniter->handleRequest()
#6 /home/icaksh/pemweb/hanaemi/public/index.php(37): CodeIgniter\CodeIgniter->run()
#7 /home/icaksh/pemweb/hanaemi/vendor/codeigniter4/framework/system/Commands/Server/rewrite.php(43): require_once('/home/icaksh/pe...')
#8 {main}
CRITICAL - 2021-12-20 07:56:32 --> There is no data to update.
#0 /home/icaksh/pemweb/hanaemi/vendor/codeigniter4/framework/system/BaseModel.php(846): CodeIgniter\Database\Exceptions\DataException::forEmptyDataset()
#1 /home/icaksh/pemweb/hanaemi/vendor/codeigniter4/framework/system/Model.php(646): CodeIgniter\BaseModel->update()
#2 /home/icaksh/pemweb/hanaemi/app/Controllers/Cuti.php(90): CodeIgniter\Model->update()
#3 /home/icaksh/pemweb/hanaemi/vendor/codeigniter4/framework/system/CodeIgniter.php(824): App\Controllers\Cuti->adminApprove()
#4 /home/icaksh/pemweb/hanaemi/vendor/codeigniter4/framework/system/CodeIgniter.php(410): CodeIgniter\CodeIgniter->runController()
#5 /home/icaksh/pemweb/hanaemi/vendor/codeigniter4/framework/system/CodeIgniter.php(318): CodeIgniter\CodeIgniter->handleRequest()
#6 /home/icaksh/pemweb/hanaemi/public/index.php(37): CodeIgniter\CodeIgniter->run()
#7 /home/icaksh/pemweb/hanaemi/vendor/codeigniter4/framework/system/Commands/Server/rewrite.php(43): require_once('/home/icaksh/pe...')
#8 {main}
CRITICAL - 2021-12-20 07:59:36 --> There is no data to update.
#0 /home/icaksh/pemweb/hanaemi/vendor/codeigniter4/framework/system/BaseModel.php(846): CodeIgniter\Database\Exceptions\DataException::forEmptyDataset()
#1 /home/icaksh/pemweb/hanaemi/vendor/codeigniter4/framework/system/Model.php(646): CodeIgniter\BaseModel->update()
#2 /home/icaksh/pemweb/hanaemi/app/Controllers/Cuti.php(90): CodeIgniter\Model->update()
#3 /home/icaksh/pemweb/hanaemi/vendor/codeigniter4/framework/system/CodeIgniter.php(824): App\Controllers\Cuti->adminApprove()
#4 /home/icaksh/pemweb/hanaemi/vendor/codeigniter4/framework/system/CodeIgniter.php(410): CodeIgniter\CodeIgniter->runController()
#5 /home/icaksh/pemweb/hanaemi/vendor/codeigniter4/framework/system/CodeIgniter.php(318): CodeIgniter\CodeIgniter->handleRequest()
#6 /home/icaksh/pemweb/hanaemi/public/index.php(37): CodeIgniter\CodeIgniter->run()
#7 /home/icaksh/pemweb/hanaemi/vendor/codeigniter4/framework/system/Commands/Server/rewrite.php(43): require_once('/home/icaksh/pe...')
#8 {main}
CRITICAL - 2021-12-20 10:04:29 --> Class 'App\Controllers\PresensiModel' not found
#0 /home/icaksh/pemweb/hanaemi/vendor/codeigniter4/framework/system/CodeIgniter.php(801): App\Controllers\Presensi->__construct()
#1 /home/icaksh/pemweb/hanaemi/vendor/codeigniter4/framework/system/CodeIgniter.php(401): CodeIgniter\CodeIgniter->createController()
#2 /home/icaksh/pemweb/hanaemi/vendor/codeigniter4/framework/system/CodeIgniter.php(318): CodeIgniter\CodeIgniter->handleRequest()
#3 /home/icaksh/pemweb/hanaemi/public/index.php(37): CodeIgniter\CodeIgniter->run()
#4 /home/icaksh/pemweb/hanaemi/vendor/codeigniter4/framework/system/Commands/Server/rewrite.php(43): require_once('/home/icaksh/pe...')
#5 {main}
ERROR - 2021-12-20 10:05:01 --> Table 'hanaemi.presensi_users' doesn't exist
CRITICAL - 2021-12-20 10:05:01 --> Table 'hanaemi.presensi_users' doesn't exist
#0 /home/icaksh/pemweb/hanaemi/vendor/codeigniter4/framework/system/Database/MySQLi/Connection.php(292): mysqli->query()
#1 /home/icaksh/pemweb/hanaemi/vendor/codeigniter4/framework/system/Database/BaseConnection.php(670): CodeIgniter\Database\MySQLi\Connection->execute()
#2 /home/icaksh/pemweb/hanaemi/vendor/codeigniter4/framework/system/Database/BaseConnection.php(598): CodeIgniter\Database\BaseConnection->simpleQuery()
#3 /home/icaksh/pemweb/hanaemi/vendor/codeigniter4/framework/system/Database/BaseBuilder.php(1443): CodeIgniter\Database\BaseConnection->query()
#4 /home/icaksh/pemweb/hanaemi/app/Models/PresensiModel.php(21): CodeIgniter\Database\BaseBuilder->get()
#5 /home/icaksh/pemweb/hanaemi/app/Controllers/Presensi.php(20): App\Models\PresensiModel->getPresensibyId()
#6 /home/icaksh/pemweb/hanaemi/vendor/codeigniter4/framework/system/CodeIgniter.php(824): App\Controllers\Presensi->adminIndex()
#7 /home/icaksh/pemweb/hanaemi/vendor/codeigniter4/framework/system/CodeIgniter.php(410): CodeIgniter\CodeIgniter->runController()
#8 /home/icaksh/pemweb/hanaemi/vendor/codeigniter4/framework/system/CodeIgniter.php(318): CodeIgniter\CodeIgniter->handleRequest()
#9 /home/icaksh/pemweb/hanaemi/public/index.php(37): CodeIgniter\CodeIgniter->run()
#10 /home/icaksh/pemweb/hanaemi/vendor/codeigniter4/framework/system/Commands/Server/rewrite.php(43): require_once('/home/icaksh/pe...')
#11 {main}
ERROR - 2021-12-20 10:05:02 --> Table 'hanaemi.presensi_users' doesn't exist
CRITICAL - 2021-12-20 10:05:02 --> Table 'hanaemi.presensi_users' doesn't exist
#0 /home/icaksh/pemweb/hanaemi/vendor/codeigniter4/framework/system/Database/MySQLi/Connection.php(292): mysqli->query()
#1 /home/icaksh/pemweb/hanaemi/vendor/codeigniter4/framework/system/Database/BaseConnection.php(670): CodeIgniter\Database\MySQLi\Connection->execute()
#2 /home/icaksh/pemweb/hanaemi/vendor/codeigniter4/framework/system/Database/BaseConnection.php(598): CodeIgniter\Database\BaseConnection->simpleQuery()
#3 /home/icaksh/pemweb/hanaemi/vendor/codeigniter4/framework/system/Database/BaseBuilder.php(1443): CodeIgniter\Database\BaseConnection->query()
#4 /home/icaksh/pemweb/hanaemi/app/Models/PresensiModel.php(21): CodeIgniter\Database\BaseBuilder->get()
#5 /home/icaksh/pemweb/hanaemi/app/Controllers/Presensi.php(20): App\Models\PresensiModel->getPresensibyId()
#6 /home/icaksh/pemweb/hanaemi/vendor/codeigniter4/framework/system/CodeIgniter.php(824): App\Controllers\Presensi->adminIndex()
#7 /home/icaksh/pemweb/hanaemi/vendor/codeigniter4/framework/system/CodeIgniter.php(410): CodeIgniter\CodeIgniter->runController()
#8 /home/icaksh/pemweb/hanaemi/vendor/codeigniter4/framework/system/CodeIgniter.php(318): CodeIgniter\CodeIgniter->handleRequest()
#9 /home/icaksh/pemweb/hanaemi/public/index.php(37): CodeIgniter\CodeIgniter->run()
#10 /home/icaksh/pemweb/hanaemi/vendor/codeigniter4/framework/system/Commands/Server/rewrite.php(43): require_once('/home/icaksh/pe...')
#11 {main}
ERROR - 2021-12-20 10:05:03 --> Table 'hanaemi.presensi_users' doesn't exist
CRITICAL - 2021-12-20 10:05:03 --> Table 'hanaemi.presensi_users' doesn't exist
#0 /home/icaksh/pemweb/hanaemi/vendor/codeigniter4/framework/system/Database/MySQLi/Connection.php(292): mysqli->query()
#1 /home/icaksh/pemweb/hanaemi/vendor/codeigniter4/framework/system/Database/BaseConnection.php(670): CodeIgniter\Database\MySQLi\Connection->execute()
#2 /home/icaksh/pemweb/hanaemi/vendor/codeigniter4/framework/system/Database/BaseConnection.php(598): CodeIgniter\Database\BaseConnection->simpleQuery()
#3 /home/icaksh/pemweb/hanaemi/vendor/codeigniter4/framework/system/Database/BaseBuilder.php(1443): CodeIgniter\Database\BaseConnection->query()
#4 /home/icaksh/pemweb/hanaemi/app/Models/PresensiModel.php(21): CodeIgniter\Database\BaseBuilder->get()
#5 /home/icaksh/pemweb/hanaemi/app/Controllers/Presensi.php(20): App\Models\PresensiModel->getPresensibyId()
#6 /home/icaksh/pemweb/hanaemi/vendor/codeigniter4/framework/system/CodeIgniter.php(824): App\Controllers\Presensi->adminIndex()
#7 /home/icaksh/pemweb/hanaemi/vendor/codeigniter4/framework/system/CodeIgniter.php(410): CodeIgniter\CodeIgniter->runController()
#8 /home/icaksh/pemweb/hanaemi/vendor/codeigniter4/framework/system/CodeIgniter.php(318): CodeIgniter\CodeIgniter->handleRequest()
#9 /home/icaksh/pemweb/hanaemi/public/index.php(37): CodeIgniter\CodeIgniter->run()
#10 /home/icaksh/pemweb/hanaemi/vendor/codeigniter4/framework/system/Commands/Server/rewrite.php(43): require_once('/home/icaksh/pe...')
#11 {main}
CRITICAL - 2021-12-20 10:11:26 --> Call to undefined method stdClass::first()
#0 /home/icaksh/pemweb/hanaemi/vendor/codeigniter4/framework/system/CodeIgniter.php(824): App\Controllers\Cuti->userIndex()
#1 /home/icaksh/pemweb/hanaemi/vendor/codeigniter4/framework/system/CodeIgniter.php(410): CodeIgniter\CodeIgniter->runController()
#2 /home/icaksh/pemweb/hanaemi/vendor/codeigniter4/framework/system/CodeIgniter.php(318): CodeIgniter\CodeIgniter->handleRequest()
#3 /home/icaksh/pemweb/hanaemi/public/index.php(37): CodeIgniter\CodeIgniter->run()
#4 /home/icaksh/pemweb/hanaemi/vendor/codeigniter4/framework/system/Commands/Server/rewrite.php(43): require_once('/home/icaksh/pe...')
#5 {main}
CRITICAL - 2021-12-20 23:19:34 --> Undefined property: App\Controllers\User::$cutiModel
#0 /home/icaksh/pemweb/hanaemi/app/Controllers/User.php(42): CodeIgniter\Debug\Exceptions->errorHandler()
#1 /home/icaksh/pemweb/hanaemi/vendor/codeigniter4/framework/system/CodeIgniter.php(824): App\Controllers\User->presensi()
#2 /home/icaksh/pemweb/hanaemi/vendor/codeigniter4/framework/system/CodeIgniter.php(410): CodeIgniter\CodeIgniter->runController()
#3 /home/icaksh/pemweb/hanaemi/vendor/codeigniter4/framework/system/CodeIgniter.php(318): CodeIgniter\CodeIgniter->handleRequest()
#4 /home/icaksh/pemweb/hanaemi/public/index.php(37): CodeIgniter\CodeIgniter->run()
#5 /home/icaksh/pemweb/hanaemi/vendor/codeigniter4/framework/system/Commands/Server/rewrite.php(43): require_once('/home/icaksh/pe...')
#6 {main}
CRITICAL - 2021-12-20 23:20:31 --> Undefined property: App\Controllers\User::$cutiModel
#0 /home/icaksh/pemweb/hanaemi/app/Controllers/User.php(42): CodeIgniter\Debug\Exceptions->errorHandler()
#1 /home/icaksh/pemweb/hanaemi/vendor/codeigniter4/framework/system/CodeIgniter.php(824): App\Controllers\User->presensi()
#2 /home/icaksh/pemweb/hanaemi/vendor/codeigniter4/framework/system/CodeIgniter.php(410): CodeIgniter\CodeIgniter->runController()
#3 /home/icaksh/pemweb/hanaemi/vendor/codeigniter4/framework/system/CodeIgniter.php(318): CodeIgniter\CodeIgniter->handleRequest()
#4 /home/icaksh/pemweb/hanaemi/public/index.php(37): CodeIgniter\CodeIgniter->run()
#5 /home/icaksh/pemweb/hanaemi/vendor/codeigniter4/framework/system/Commands/Server/rewrite.php(43): require_once('/home/icaksh/pe...')
#6 {main}
CRITICAL - 2021-12-20 23:33:05 --> Undefined variable: cutiTerbaru
#0 /home/icaksh/pemweb/hanaemi/app/Views/presensi/users/index.php(30): CodeIgniter\Debug\Exceptions->errorHandler()
#1 /home/icaksh/pemweb/hanaemi/vendor/codeigniter4/framework/system/View/View.php(214): include('/home/icaksh/pe...')
#2 /home/icaksh/pemweb/hanaemi/vendor/codeigniter4/framework/system/View/View.php(217): CodeIgniter\View\View->CodeIgniter\View\{closure}()
#3 /home/icaksh/pemweb/hanaemi/vendor/codeigniter4/framework/system/Common.php(1097): CodeIgniter\View\View->render()
#4 /home/icaksh/pemweb/hanaemi/app/Controllers/Presensi.php(35): view()
#5 /home/icaksh/pemweb/hanaemi/vendor/codeigniter4/framework/system/CodeIgniter.php(824): App\Controllers\Presensi->userIndex()
#6 /home/icaksh/pemweb/hanaemi/vendor/codeigniter4/framework/system/CodeIgniter.php(410): CodeIgniter\CodeIgniter->runController()
#7 /home/icaksh/pemweb/hanaemi/vendor/codeigniter4/framework/system/CodeIgniter.php(318): CodeIgniter\CodeIgniter->handleRequest()
#8 /home/icaksh/pemweb/hanaemi/public/index.php(37): CodeIgniter\CodeIgniter->run()
#9 /home/icaksh/pemweb/hanaemi/vendor/codeigniter4/framework/system/Commands/Server/rewrite.php(43): require_once('/home/icaksh/pe...')
#10 {main}
ERROR - 2021-12-20 23:54:59 --> Unknown column 'id' in 'field list'
CRITICAL - 2021-12-20 23:54:59 --> Unknown column 'id' in 'field list'
#0 /home/icaksh/pemweb/hanaemi/vendor/codeigniter4/framework/system/Database/MySQLi/Connection.php(292): mysqli->query()
#1 /home/icaksh/pemweb/hanaemi/vendor/codeigniter4/framework/system/Database/BaseConnection.php(670): CodeIgniter\Database\MySQLi\Connection->execute()
#2 /home/icaksh/pemweb/hanaemi/vendor/codeigniter4/framework/system/Database/BaseConnection.php(598): CodeIgniter\Database\BaseConnection->simpleQuery()
#3 /home/icaksh/pemweb/hanaemi/vendor/codeigniter4/framework/system/Database/BaseBuilder.php(1443): CodeIgniter\Database\BaseConnection->query()
#4 /home/icaksh/pemweb/hanaemi/app/Models/PresensiModel.php(21): CodeIgniter\Database\BaseBuilder->get()
#5 /home/icaksh/pemweb/hanaemi/app/Controllers/Presensi.php(31): App\Models\PresensiModel->getPresensibyId()
#6 /home/icaksh/pemweb/hanaemi/vendor/codeigniter4/framework/system/CodeIgniter.php(824): App\Controllers\Presensi->userIndex()
#7 /home/icaksh/pemweb/hanaemi/vendor/codeigniter4/framework/system/CodeIgniter.php(410): CodeIgniter\CodeIgniter->runController()
#8 /home/icaksh/pemweb/hanaemi/vendor/codeigniter4/framework/system/CodeIgniter.php(318): CodeIgniter\CodeIgniter->handleRequest()
#9 /home/icaksh/pemweb/hanaemi/public/index.php(37): CodeIgniter\CodeIgniter->run()
#10 /home/icaksh/pemweb/hanaemi/vendor/codeigniter4/framework/system/Commands/Server/rewrite.php(43): require_once('/home/icaksh/pe...')
#11 {main}
